info: Server started at http://localhost:3000/api/v1/ {"timestamp":"2022-01-16T18:30:36.756Z"}
info: Connected to the database. {"timestamp":"2022-01-16T18:30:36.939Z"}
info: Server started at http://localhost:3000/api/v1/ {"timestamp":"2022-01-16T18:31:41.925Z"}
info: Connected to the database. {"timestamp":"2022-01-16T18:31:42.040Z"}
info: Server started at http://localhost:3000/api/v1/ {"timestamp":"2022-01-16T18:40:14.780Z"}
info: Connected to the database. {"timestamp":"2022-01-16T18:40:14.828Z"}
info: Server started at http://localhost:3000/api/v1/ {"timestamp":"2022-01-16T18:49:48.144Z"}
info: Connected to the database. {"timestamp":"2022-01-16T18:49:48.279Z"}
info: Server started at http://localhost:3000/api/v1/ {"timestamp":"2022-01-16T18:56:00.933Z"}
info: Connected to the database. {"timestamp":"2022-01-16T18:56:01.045Z"}
info: Server started at http://localhost:3000/api/v1/ {"timestamp":"2022-01-16T18:57:14.578Z"}
info: Connected to the database. {"timestamp":"2022-01-16T18:57:14.713Z"}
info: Server started at http://localhost:3000/api/v1/ {"timestamp":"2022-01-16T19:05:05.980Z"}
info: Connected to the database. {"timestamp":"2022-01-16T19:05:06.084Z"}
info: Server started at http://localhost:3000/api/v1/ {"timestamp":"2022-01-16T19:05:45.273Z"}
info: Connected to the database. {"timestamp":"2022-01-16T19:05:45.365Z"}
info: Server started at http://localhost:3000/api/v1/ {"timestamp":"2022-01-16T19:18:46.102Z"}
info: Connected to the database. {"timestamp":"2022-01-16T19:18:46.143Z"}
info: Server started at http://localhost:3000/api/v1/ {"timestamp":"2022-01-16T19:25:44.690Z"}
info: Connected to the database. {"timestamp":"2022-01-16T19:25:44.739Z"}
info: Server started at http://localhost:3000/api/v1/ {"timestamp":"2022-01-16T19:36:34.934Z"}
info: Connected to the database. {"timestamp":"2022-01-16T19:36:34.996Z"}
info: Server started at http://localhost:3000/api/v1/ {"timestamp":"2022-01-16T19:39:18.507Z"}
info: Connected to the database. {"timestamp":"2022-01-16T19:39:18.554Z"}
info: Server started at http://localhost:3000/api/v1/ {"timestamp":"2022-01-16T19:39:57.381Z"}
info: Connected to the database. {"timestamp":"2022-01-16T19:39:57.479Z"}
info: Server started at http://localhost:3000/api/v1/ {"timestamp":"2022-01-16T19:43:49.521Z"}
info: Connected to the database. {"timestamp":"2022-01-16T19:43:49.634Z"}
info: Server started at http://localhost:3000/api/v1/ {"timestamp":"2022-01-16T19:46:37.173Z"}
info: Connected to the database. {"timestamp":"2022-01-16T19:46:37.221Z"}
info: Server started at http://localhost:3000/api/v1/ {"timestamp":"2022-01-16T19:47:13.470Z"}
info: Connected to the database. {"timestamp":"2022-01-16T19:47:13.556Z"}
info: Server started at http://localhost:3000/api/v1/ {"timestamp":"2022-01-16T19:48:25.285Z"}
info: Connected to the database. {"timestamp":"2022-01-16T19:48:25.399Z"}
info: Server started at http://localhost:3000/api/v1/ {"timestamp":"2022-01-16T19:52:26.647Z"}
info: Connected to the database. {"timestamp":"2022-01-16T19:52:26.691Z"}
info: Server started at http://localhost:3000/api/v1/ {"timestamp":"2022-01-16T19:53:40.181Z"}
info: Connected to the database. {"timestamp":"2022-01-16T19:53:40.239Z"}
info: Server started at http://localhost:3000/api/v1/ {"timestamp":"2022-01-16T19:54:39.377Z"}
info: Connected to the database. {"timestamp":"2022-01-16T19:54:39.421Z"}
info: Server started at http://localhost:3000/api/v1/ {"timestamp":"2022-01-16T19:54:56.545Z"}
info: Connected to the database. {"timestamp":"2022-01-16T19:54:56.723Z"}
info: Server started at http://localhost:3000/api/v1/ {"timestamp":"2022-01-17T05:49:06.675Z"}
info: Connected to the database. {"timestamp":"2022-01-17T05:49:06.798Z"}
info: Server started at http://localhost:3000/api/v1/ {"timestamp":"2022-01-17T06:04:06.689Z"}
info: Connected to the database. {"timestamp":"2022-01-17T06:04:06.762Z"}
info: Server started at http://localhost:3000/api/v1/ {"timestamp":"2022-01-17T06:04:31.959Z"}
info: Connected to the database. {"timestamp":"2022-01-17T06:04:32.016Z"}
info: Server started at http://localhost:3000/api/v1/ {"timestamp":"2022-01-17T06:05:07.162Z"}
info: Connected to the database. {"timestamp":"2022-01-17T06:05:07.261Z"}
info: Server started at http://localhost:3000/api/v1/ {"timestamp":"2022-01-17T06:07:04.439Z"}
info: Connected to the database. {"timestamp":"2022-01-17T06:07:04.556Z"}
info: Server started at http://localhost:3000/api/v1/ {"timestamp":"2022-01-17T06:07:55.471Z"}
info: Connected to the database. {"timestamp":"2022-01-17T06:07:55.587Z"}
info: Server started at http://localhost:3000/api/v1/ {"timestamp":"2022-01-17T06:09:40.879Z"}
info: Connected to the database. {"timestamp":"2022-01-17T06:09:40.981Z"}
info: Server started at http://localhost:3000/api/v1/ {"timestamp":"2022-01-17T06:54:48.933Z"}
info: Connected to the database. {"timestamp":"2022-01-17T06:54:48.985Z"}
info: the token--eyJhbGciOiJIUzI1NiJ9.ZnJ1aXRzQGdtYWlsLmNvbQ.03onawe88LtkQ7ueh73Aj6cMOLJqlimM7RjFwKf24UU {"timestamp":"2022-01-17T06:55:35.352Z"}
info: the token--eyJhbGciOiJIUzI1NiJ9.YWFhYWFAZ21haWwuY29t.cq_4p5RfTVQCzH-ZJFkShlrHC3ndaX-EAPrigQoBDQ8 {"timestamp":"2022-01-17T08:36:21.258Z"}
info: Server started at http://localhost:3000/api/v1/ {"timestamp":"2022-01-17T08:42:22.613Z"}
info: Connected to the database. {"timestamp":"2022-01-17T08:42:22.661Z"}
info: Server started at http://localhost:3000/api/v1/ {"timestamp":"2022-01-17T08:48:02.093Z"}
info: Connected to the database. {"timestamp":"2022-01-17T08:48:02.135Z"}
info: Server started at http://localhost:3000/api/v1/ {"timestamp":"2022-01-17T08:50:40.083Z"}
info: Connected to the database. {"timestamp":"2022-01-17T08:50:40.178Z"}
info: Server started at http://localhost:3000/api/v1/ {"timestamp":"2022-01-17T08:51:26.560Z"}
info: Connected to the database. {"timestamp":"2022-01-17T08:51:26.622Z"}
info: the token--eyJhbGciOiJIUzI1NiJ9.a0BnbWFpbC5jb20.2STBDBduK-liVM9Zdxg3nUbEahE5hLkyok8wsb7nw-c {"timestamp":"2022-01-17T09:32:09.379Z"}
info: Server started at http://localhost:3000/api/v1/ {"timestamp":"2022-01-17T09:32:58.650Z"}
info: Connected to the database. {"timestamp":"2022-01-17T09:32:58.739Z"}
info: the token--eyJhbGciOiJIUzI1NiJ9.a0BnbWFpbC5jb20.2STBDBduK-liVM9Zdxg3nUbEahE5hLkyok8wsb7nw-c {"timestamp":"2022-01-17T09:33:11.357Z"}
info: the token--eyJhbGciOiJIUzI1NiJ9.a2dtYWlsLmNvbQ.PXUtbUre5OD6BwhQdNQlXAjmKOmVOSgPmptsZ1Y5FwY {"timestamp":"2022-01-17T09:42:34.393Z"}
info: Server started at http://localhost:3000/api/v1/ {"timestamp":"2022-01-17T09:45:18.070Z"}
info: Connected to the database. {"timestamp":"2022-01-17T09:45:18.154Z"}
info: Server started at http://localhost:3000/api/v1/ {"timestamp":"2022-01-17T09:46:17.847Z"}
info: Connected to the database. {"timestamp":"2022-01-17T09:46:17.911Z"}
info: Connected to the database. {"timestamp":"2022-01-17T09:46:18.327Z"}
info: Server started at http://localhost:2000/api/v1/ {"timestamp":"2022-01-17T09:48:20.401Z"}
info: Connected to the database. {"timestamp":"2022-01-17T09:48:20.490Z"}
info: Connected to the database. {"timestamp":"2022-01-17T09:48:20.601Z"}
info: Server started at http://localhost:2000/api/v1/ {"timestamp":"2022-01-17T10:44:44.240Z"}
info: Connected to the database. {"timestamp":"2022-01-17T10:44:44.376Z"}
info: Connected to the database. {"timestamp":"2022-01-17T10:44:44.696Z"}
info: Connected to the database. {"timestamp":"2022-01-17T10:48:48.461Z"}
info: Server started at http://localhost:3000/api/v1/ {"timestamp":"2022-01-17T10:52:51.033Z"}
info: Connected to the database. {"timestamp":"2022-01-17T10:52:51.071Z"}
info: Server started at http://localhost:3000/api/v1/ {"timestamp":"2022-01-17T10:53:42.922Z"}
info: Connected to the database. {"timestamp":"2022-01-17T10:53:42.992Z"}
info: Connected to the database. {"timestamp":"2022-01-17T10:53:43.036Z"}
info: the token--eyJhbGciOiJIUzI1NiJ9.a2dtYWlsLmNvbQ.PXUtbUre5OD6BwhQdNQlXAjmKOmVOSgPmptsZ1Y5FwY {"timestamp":"2022-01-17T10:53:54.194Z"}
info: Server started at http://localhost:3000/api/v1/ {"timestamp":"2022-01-17T10:57:53.535Z"}
info: Connected to the database. {"timestamp":"2022-01-17T10:57:53.602Z"}
info: Connected to the database. {"timestamp":"2022-01-17T10:57:53.740Z"}
info: Connected to the database. {"timestamp":"2022-01-17T10:59:19.899Z"}
info: Server started at http://localhost:2000/api/v1/ {"timestamp":"2022-01-17T11:00:02.652Z"}
info: Connected to the database. {"timestamp":"2022-01-17T11:00:02.716Z"}
info: the token--eyJhbGciOiJIUzI1NiJ9.a2dtYWlsLmNvbQ.PXUtbUre5OD6BwhQdNQlXAjmKOmVOSgPmptsZ1Y5FwY {"timestamp":"2022-01-17T11:00:19.455Z"}
info: Server started at http://localhost:2000/api/v1/ {"timestamp":"2022-01-17T11:01:59.977Z"}
info: Connected to the database. {"timestamp":"2022-01-17T11:02:00.055Z"}
info: Connected to the database. {"timestamp":"2022-01-17T11:02:00.638Z"}
info: the token--eyJhbGciOiJIUzI1NiJ9.a2dtYWlsLmNvbQ.PXUtbUre5OD6BwhQdNQlXAjmKOmVOSgPmptsZ1Y5FwY {"timestamp":"2022-01-17T11:02:09.680Z"}
info: Server started at http://localhost:2000/api/v1/ {"timestamp":"2022-01-17T11:04:17.599Z"}
info: Connected to the database. {"timestamp":"2022-01-17T11:04:17.729Z"}
info: Connected to the database. {"timestamp":"2022-01-17T11:04:17.869Z"}
info: the token--eyJhbGciOiJIUzI1NiJ9.a2dtYWlsLmNvbQ.PXUtbUre5OD6BwhQdNQlXAjmKOmVOSgPmptsZ1Y5FwY {"timestamp":"2022-01-17T11:04:21.219Z"}
info: Server started at http://localhost:2000/api/v1/ {"timestamp":"2022-01-17T11:06:08.746Z"}
info: Connected to the database. {"timestamp":"2022-01-17T11:06:08.876Z"}
info: Connected to the database. {"timestamp":"2022-01-17T11:06:10.063Z"}
info: Connected to the database. {"timestamp":"2022-01-17T11:07:05.497Z"}
info: Connected to the database. {"timestamp":"2022-01-17T11:07:19.884Z"}
info: Server started at http://localhost:3000/api/v1/ {"timestamp":"2022-01-17T11:08:19.943Z"}
info: Connected to the database. {"timestamp":"2022-01-17T11:08:20.027Z"}
info: Connected to the database. {"timestamp":"2022-01-17T11:08:20.450Z"}
info: the token--eyJhbGciOiJIUzI1NiJ9.a2dtYWlsLmNvbQ.PXUtbUre5OD6BwhQdNQlXAjmKOmVOSgPmptsZ1Y5FwY {"timestamp":"2022-01-17T11:08:31.261Z"}
info: Server started at http://localhost:3000/api/v1/ {"timestamp":"2022-01-17T11:11:24.931Z"}
info: Connected to the database. {"timestamp":"2022-01-17T11:11:25.019Z"}
info: Connected to the database. {"timestamp":"2022-01-17T11:11:25.367Z"}
info: Server started at http://localhost:9000/api/v1/ {"timestamp":"2022-01-17T11:12:04.967Z"}
info: Connected to the database. {"timestamp":"2022-01-17T11:12:05.023Z"}
info: Connected to the database. {"timestamp":"2022-01-17T11:12:05.172Z"}
info: Server started at http://localhost:9000/api/v1/ {"timestamp":"2022-01-17T11:13:42.804Z"}
info: Connected to the database. {"timestamp":"2022-01-17T11:13:42.897Z"}
info: Connected to the database. {"timestamp":"2022-01-17T11:13:43.654Z"}
info: Server started at http://localhost:3000/api/v1/ {"timestamp":"2022-01-17T11:14:13.629Z"}
info: Connected to the database. {"timestamp":"2022-01-17T11:14:13.730Z"}
info: Connected to the database. {"timestamp":"2022-01-17T11:14:13.788Z"}
info: Connected to the database. {"timestamp":"2022-01-17T11:14:52.050Z"}
info: Connected to the database. {"timestamp":"2022-01-17T11:15:18.893Z"}
info: Connected to the database. {"timestamp":"2022-01-17T11:15:38.247Z"}
info: Connected to the database. {"timestamp":"2022-01-17T11:15:58.301Z"}
info: Connected to the database. {"timestamp":"2022-01-17T11:17:14.001Z"}
info: Server started at http://localhost:3000/api/v1/ {"timestamp":"2022-01-17T11:24:58.369Z"}
error: Could not connect to the database. connect ECONNREFUSED 127.0.0.1:27017 {"reason":{"commonWireVersion":null,"compatibilityError":null,"compatible":true,"heartbeatFrequencyMS":10000,"localThresholdMS":15,"logicalSessionTimeoutMinutes":null,"maxElectionId":null,"maxSetVersion":null,"servers":{},"setName":null,"stale":false,"type":"Single"},"stack":"Error: \n    at new MongooseError (E:\\CFP_BZ\\Fundoo_Notes\\node_modules\\mongoose\\lib\\error\\mongooseError.js:7:1)\n    at new MongooseServerSelectionError (E:\\CFP_BZ\\Fundoo_Notes\\node_modules\\mongoose\\lib\\error\\serverSelection.js:26:1)\n    at NativeConnection.Connection.openUri (E:\\CFP_BZ\\Fundoo_Notes\\node_modules\\mongoose\\lib\\connection.js:847:32)\n    at E:\\CFP_BZ\\Fundoo_Notes\\node_modules\\mongoose\\lib\\index.js:351:10\n    at E:\\CFP_BZ\\Fundoo_Notes\\node_modules\\mongoose\\lib\\helpers\\promiseOrCallback.js:32:5\n    at new Promise (<anonymous>)\n    at promiseOrCallback (E:\\CFP_BZ\\Fundoo_Notes\\node_modules\\mongoose\\lib\\helpers\\promiseOrCallback.js:31:10)\n    at Mongoose._promiseOrCallback (E:\\CFP_BZ\\Fundoo_Notes\\node_modules\\mongoose\\lib\\index.js:1149:10)","timestamp":"2022-01-17T11:25:28.408Z"}
info: Server started at http://localhost:3000/api/v1/ {"timestamp":"2022-01-17T11:26:05.900Z"}
info: Connected to the database. {"timestamp":"2022-01-17T11:26:05.992Z"}
info: Server started at http://localhost:3000/api/v1/ {"timestamp":"2022-01-17T11:29:14.773Z"}
info: Connected to the database. {"timestamp":"2022-01-17T11:29:14.853Z"}
info: Server started at http://localhost:3000/api/v1/ {"timestamp":"2022-01-17T11:30:34.731Z"}
info: Connected to the database. {"timestamp":"2022-01-17T11:30:34.773Z"}
info: Server started at http://localhost:3000/api/v1/ {"timestamp":"2022-01-17T11:32:12.019Z"}
info: Connected to the database. {"timestamp":"2022-01-17T11:32:12.070Z"}
info: Server started at http://localhost:3000/api/v1/ {"timestamp":"2022-01-17T11:34:01.244Z"}
info: Connected to the database. {"timestamp":"2022-01-17T11:34:01.307Z"}
info: Server started at http://localhost:3000/api/v1/ {"timestamp":"2022-01-17T11:38:40.318Z"}
info: Connected to the database. {"timestamp":"2022-01-17T11:38:40.370Z"}
info: Server started at http://localhost:3000/api/v1/ {"timestamp":"2022-01-17T11:45:16.578Z"}
info: Connected to the database. {"timestamp":"2022-01-17T11:45:16.665Z"}
info: Server started at http://localhost:3000/api/v1/ {"timestamp":"2022-01-17T11:52:21.812Z"}
info: Connected to the database. {"timestamp":"2022-01-17T11:52:21.874Z"}
info: Server started at http://localhost:3000/api/v1/ {"timestamp":"2022-01-17T11:59:09.021Z"}
info: Connected to the database. {"timestamp":"2022-01-17T11:59:09.071Z"}
info: Server started at http://localhost:3000/api/v1/ {"timestamp":"2022-01-17T12:01:42.342Z"}
info: Connected to the database. {"timestamp":"2022-01-17T12:01:42.409Z"}
info: Server started at http://localhost:3000/api/v1/ {"timestamp":"2022-01-17T12:47:21.498Z"}
info: Connected to the database. {"timestamp":"2022-01-17T12:47:21.546Z"}
info: Server started at http://localhost:3000/api/v1/ {"timestamp":"2022-01-17T13:28:57.577Z"}
info: Connected to the database. {"timestamp":"2022-01-17T13:28:57.668Z"}
info: Server started at http://localhost:3000/api/v1/ {"timestamp":"2022-01-17T13:34:05.574Z"}
info: Connected to the database. {"timestamp":"2022-01-17T13:34:05.684Z"}
info: Server started at http://localhost:3000/api/v1/ {"timestamp":"2022-01-17T13:36:30.664Z"}
info: Connected to the database. {"timestamp":"2022-01-17T13:36:30.750Z"}
info: Server started at http://localhost:3000/api/v1/ {"timestamp":"2022-01-17T13:57:26.887Z"}
info: Connected to the database. {"timestamp":"2022-01-17T13:57:26.959Z"}
info: Server started at http://localhost:3000/api/v1/ {"timestamp":"2022-01-17T14:00:10.307Z"}
info: Connected to the database. {"timestamp":"2022-01-17T14:00:10.432Z"}
info: Server started at http://localhost:3000/api/v1/ {"timestamp":"2022-01-17T14:26:13.683Z"}
info: Connected to the database. {"timestamp":"2022-01-17T14:26:13.749Z"}
info: the token--eyJhbGciOiJIUzI1NiJ9.a2dtYWlsLmNvbQ.PXUtbUre5OD6BwhQdNQlXAjmKOmVOSgPmptsZ1Y5FwY {"timestamp":"2022-01-17T14:26:21.216Z"}
info: Server started at http://localhost:3000/api/v1/ {"timestamp":"2022-01-17T14:28:11.695Z"}
info: Connected to the database. {"timestamp":"2022-01-17T14:28:11.793Z"}
info: Server started at http://localhost:3000/api/v1/ {"timestamp":"2022-01-17T14:30:54.746Z"}
info: Connected to the database. {"timestamp":"2022-01-17T14:30:54.873Z"}
info: Server started at http://localhost:3000/api/v1/ {"timestamp":"2022-01-17T14:32:50.737Z"}
info: Connected to the database. {"timestamp":"2022-01-17T14:32:50.862Z"}
info: Server started at http://localhost:3000/api/v1/ {"timestamp":"2022-01-17T14:34:44.722Z"}
info: Connected to the database. {"timestamp":"2022-01-17T14:34:44.787Z"}
info: Server started at http://localhost:3000/api/v1/ {"timestamp":"2022-01-17T14:37:26.677Z"}
info: Connected to the database. {"timestamp":"2022-01-17T14:37:26.736Z"}
info: the token--eyJhbGciOiJIUzI1NiJ9.a2dtYWlsLmNvbQ.PXUtbUre5OD6BwhQdNQlXAjmKOmVOSgPmptsZ1Y5FwY {"timestamp":"2022-01-17T14:37:32.186Z"}
info: Server started at http://localhost:3000/api/v1/ {"timestamp":"2022-01-17T14:37:59.785Z"}
info: Connected to the database. {"timestamp":"2022-01-17T14:37:59.887Z"}
info: Server started at http://localhost:3000/api/v1/ {"timestamp":"2022-01-17T14:38:27.773Z"}
info: Connected to the database. {"timestamp":"2022-01-17T14:38:27.826Z"}
info: Server started at http://localhost:3000/api/v1/ {"timestamp":"2022-01-17T18:13:18.446Z"}
info: Connected to the database. {"timestamp":"2022-01-17T18:13:18.518Z"}
info: Server started at http://localhost:3000/api/v1/ {"timestamp":"2022-01-17T18:27:28.463Z"}
info: Connected to the database. {"timestamp":"2022-01-17T18:27:28.548Z"}
info: Server started at http://localhost:3000/api/v1/ {"timestamp":"2022-01-17T18:28:31.954Z"}
info: Connected to the database. {"timestamp":"2022-01-17T18:28:32.017Z"}
