info: Server started at http://localhost:2000/api/v1/ {"timestamp":"2022-01-18T18:30:23.348Z"}
info: Connected to the database. {"timestamp":"2022-01-18T18:30:23.422Z"}
info: Server started at http://localhost:2000/api/v1/ {"timestamp":"2022-01-18T18:31:49.687Z"}
info: Connected to the database. {"timestamp":"2022-01-18T18:31:49.752Z"}
info: Server started at http://localhost:2000/api/v1/ {"timestamp":"2022-01-18T18:42:25.891Z"}
info: Connected to the database. {"timestamp":"2022-01-18T18:42:25.946Z"}
info: Server started at http://localhost:2000/api/v1/ {"timestamp":"2022-01-18T18:47:50.414Z"}
info: Connected to the database. {"timestamp":"2022-01-18T18:47:50.476Z"}
info: the token--eyJhbGciOiJIUzI1NiJ9.cmVzZXRwYXNzd29yZEBnbWFpbC5jb20.JIMf_B1vSD4HkX0ZNF6_sHbrqUE47oiFP0a6IXWTfkY {"timestamp":"2022-01-18T18:48:59.325Z"}
info: Server started at http://localhost:2000/api/v1/ {"timestamp":"2022-01-18T18:59:44.006Z"}
info: Connected to the database. {"timestamp":"2022-01-18T18:59:44.060Z"}
info: Server started at http://localhost:2000/api/v1/ {"timestamp":"2022-01-18T19:08:49.852Z"}
info: Connected to the database. {"timestamp":"2022-01-18T19:08:49.915Z"}
info: Server started at http://localhost:2000/api/v1/ {"timestamp":"2022-01-18T19:12:15.980Z"}
info: Connected to the database. {"timestamp":"2022-01-18T19:12:16.032Z"}
info: Server started at http://localhost:2000/api/v1/ {"timestamp":"2022-01-18T19:15:09.516Z"}
info: Connected to the database. {"timestamp":"2022-01-18T19:15:09.576Z"}
info: Server started at http://localhost:2000/api/v1/ {"timestamp":"2022-01-18T19:16:57.929Z"}
info: Connected to the database. {"timestamp":"2022-01-18T19:16:57.972Z"}
info: Server started at http://localhost:3000/api/v1/ {"timestamp":"2022-01-19T06:15:28.433Z"}
info: Connected to the database. {"timestamp":"2022-01-19T06:15:28.496Z"}
info: the token--eyJhbGciOiJIUzI1NiJ9.cmVzZXRwYXNzd29yZEBnbWFpbC5jb20.JIMf_B1vSD4HkX0ZNF6_sHbrqUE47oiFP0a6IXWTfkY {"timestamp":"2022-01-19T06:17:15.866Z"}
info: Server started at http://localhost:3000/api/v1/ {"timestamp":"2022-01-19T06:19:02.300Z"}
info: Connected to the database. {"timestamp":"2022-01-19T06:19:02.365Z"}
info: the token--eyJhbGciOiJIUzI1NiJ9.cmVzZXRwYXNzd29yZEBnbWFpbC5jb20.JIMf_B1vSD4HkX0ZNF6_sHbrqUE47oiFP0a6IXWTfkY {"timestamp":"2022-01-19T06:19:49.347Z"}
info: Server started at http://localhost:3000/api/v1/ {"timestamp":"2022-01-19T06:24:18.436Z"}
info: Connected to the database. {"timestamp":"2022-01-19T06:24:18.557Z"}
info: the token--eyJhbGciOiJIUzI1NiJ9.cmVzZXRwYXNzd29yZEBnbWFpbC5jb20.JIMf_B1vSD4HkX0ZNF6_sHbrqUE47oiFP0a6IXWTfkY {"timestamp":"2022-01-19T06:24:19.631Z"}
info: the token--eyJhbGciOiJIUzI1NiJ9.cmVzZXRwYXNzd29yZEBnbWFpbC5jb20.JIMf_B1vSD4HkX0ZNF6_sHbrqUE47oiFP0a6IXWTfkY {"timestamp":"2022-01-19T06:24:23.747Z"}
info: Server started at http://localhost:3000/api/v1/ {"timestamp":"2022-01-19T06:33:01.061Z"}
info: Connected to the database. {"timestamp":"2022-01-19T06:33:01.199Z"}
info: the token--eyJhbGciOiJIUzI1NiJ9.cmVzZXRwYXNzd29yZEBnbWFpbC5jb20.JIMf_B1vSD4HkX0ZNF6_sHbrqUE47oiFP0a6IXWTfkY {"timestamp":"2022-01-19T06:33:01.881Z"}
info: the token--eyJhbGciOiJIUzI1NiJ9.cmVzZXRwYXNzd29yZEBnbWFpbC5jb20.JIMf_B1vSD4HkX0ZNF6_sHbrqUE47oiFP0a6IXWTfkY {"timestamp":"2022-01-19T06:33:06.946Z"}
info: Server started at http://localhost:3000/api/v1/ {"timestamp":"2022-01-19T06:39:12.495Z"}
info: Connected to the database. {"timestamp":"2022-01-19T06:39:13.616Z"}
info: the token--eyJhbGciOiJIUzI1NiJ9.cmVzZXRwYXNzd29yZEBnbWFpbC5jb20.JIMf_B1vSD4HkX0ZNF6_sHbrqUE47oiFP0a6IXWTfkY {"timestamp":"2022-01-19T06:39:14.422Z"}
info: the token--eyJhbGciOiJIUzI1NiJ9.cmVzZXRwYXNzd29yZEBnbWFpbC5jb20.JIMf_B1vSD4HkX0ZNF6_sHbrqUE47oiFP0a6IXWTfkY {"timestamp":"2022-01-19T06:39:18.633Z"}
info: Server started at http://localhost:3000/api/v1/ {"timestamp":"2022-01-19T07:27:34.474Z"}
info: Connected to the database. {"timestamp":"2022-01-19T07:27:34.537Z"}
info: the token--eyJhbGciOiJIUzI1NiJ9.cmVzZXRwYXNzd29yZEBnbWFpbC5jb20.JIMf_B1vSD4HkX0ZNF6_sHbrqUE47oiFP0a6IXWTfkY {"timestamp":"2022-01-19T07:27:35.141Z"}
info: the token--eyJhbGciOiJIUzI1NiJ9.cmVzZXRwYXNzd29yZEBnbWFpbC5jb20.JIMf_B1vSD4HkX0ZNF6_sHbrqUE47oiFP0a6IXWTfkY {"timestamp":"2022-01-19T07:27:40.210Z"}
info: Server started at http://localhost:3000/api/v1/ {"timestamp":"2022-01-19T07:28:34.222Z"}
info: Connected to the database. {"timestamp":"2022-01-19T07:28:34.295Z"}
info: the token--eyJhbGciOiJIUzI1NiJ9.cmVzZXRwYXNzd29yZEBnbWFpbC5jb20.JIMf_B1vSD4HkX0ZNF6_sHbrqUE47oiFP0a6IXWTfkY {"timestamp":"2022-01-19T07:28:34.987Z"}
info: the token--eyJhbGciOiJIUzI1NiJ9.cmVzZXRwYXNzd29yZEBnbWFpbC5jb20.JIMf_B1vSD4HkX0ZNF6_sHbrqUE47oiFP0a6IXWTfkY {"timestamp":"2022-01-19T07:28:40.035Z"}
info: Server started at http://localhost:3000/api/v1/ {"timestamp":"2022-01-19T07:30:29.029Z"}
info: Connected to the database. {"timestamp":"2022-01-19T07:30:29.081Z"}
info: the token--eyJhbGciOiJIUzI1NiJ9.cmVzZXRwYXNzd29yZEBnbWFpbC5jb20.JIMf_B1vSD4HkX0ZNF6_sHbrqUE47oiFP0a6IXWTfkY {"timestamp":"2022-01-19T07:30:29.660Z"}
info: the token--eyJhbGciOiJIUzI1NiJ9.cmVzZXRwYXNzd29yZEBnbWFpbC5jb20.JIMf_B1vSD4HkX0ZNF6_sHbrqUE47oiFP0a6IXWTfkY {"timestamp":"2022-01-19T07:30:34.680Z"}
info: Server started at http://localhost:3000/api/v1/ {"timestamp":"2022-01-19T07:39:23.685Z"}
info: Connected to the database. {"timestamp":"2022-01-19T07:39:23.760Z"}
info: the token--eyJhbGciOiJIUzI1NiJ9.cmVzZXRwYXNzd29yZEBnbWFpbC5jb20.JIMf_B1vSD4HkX0ZNF6_sHbrqUE47oiFP0a6IXWTfkY {"timestamp":"2022-01-19T07:40:45.116Z"}
info: Server started at http://localhost:3000/api/v1/ {"timestamp":"2022-01-19T08:05:28.150Z"}
info: Connected to the database. {"timestamp":"2022-01-19T08:05:28.232Z"}
info: the token--eyJhbGciOiJIUzI1NiJ9.cmVzZXRwYXNzd29yZEBnbWFpbC5jb20.JIMf_B1vSD4HkX0ZNF6_sHbrqUE47oiFP0a6IXWTfkY {"timestamp":"2022-01-19T08:05:28.819Z"}
info: the token--eyJhbGciOiJIUzI1NiJ9.cmVzZXRwYXNzd29yZEBnbWFpbC5jb20.JIMf_B1vSD4HkX0ZNF6_sHbrqUE47oiFP0a6IXWTfkY {"timestamp":"2022-01-19T08:05:33.846Z"}
info: Server started at http://localhost:3000/api/v1/ {"timestamp":"2022-01-19T08:14:19.968Z"}
info: Connected to the database. {"timestamp":"2022-01-19T08:14:20.029Z"}
info: Server started at http://localhost:3000/api/v1/ {"timestamp":"2022-01-19T08:25:24.934Z"}
info: Connected to the database. {"timestamp":"2022-01-19T08:25:24.981Z"}
info: Server started at http://localhost:3000/api/v1/ {"timestamp":"2022-01-19T08:43:27.058Z"}
info: Connected to the database. {"timestamp":"2022-01-19T08:43:27.115Z"}
info: Server started at http://localhost:3000/api/v1/ {"timestamp":"2022-01-19T10:01:51.932Z"}
info: Connected to the database. {"timestamp":"2022-01-19T10:01:51.991Z"}
info: the token--eyJhbGciOiJIUzI1NiJ9.cmVzZXRwYXNzd29yZEBnbWFpbC5jb20.JIMf_B1vSD4HkX0ZNF6_sHbrqUE47oiFP0a6IXWTfkY {"timestamp":"2022-01-19T10:01:52.580Z"}
info: the token--eyJhbGciOiJIUzI1NiJ9.cmVzZXRwYXNzd29yZEBnbWFpbC5jb20.JIMf_B1vSD4HkX0ZNF6_sHbrqUE47oiFP0a6IXWTfkY {"timestamp":"2022-01-19T10:01:56.904Z"}
info: Server started at http://localhost:3000/api/v1/ {"timestamp":"2022-01-19T10:06:48.992Z"}
info: Connected to the database. {"timestamp":"2022-01-19T10:06:49.067Z"}
info: Server started at http://localhost:3040/api/v1/ {"timestamp":"2022-01-19T10:07:50.951Z"}
info: Connected to the database. {"timestamp":"2022-01-19T10:07:51.142Z"}
info: the token--eyJhbGciOiJIUzI1NiJ9.cmVzZXRwYXNzd29yZEBnbWFpbC5jb20.JIMf_B1vSD4HkX0ZNF6_sHbrqUE47oiFP0a6IXWTfkY {"timestamp":"2022-01-19T10:07:51.238Z"}
info: Server started at http://localhost:3040/api/v1/ {"timestamp":"2022-01-19T10:09:29.190Z"}
info: Connected to the database. {"timestamp":"2022-01-19T10:09:29.263Z"}
info: Server started at http://localhost:3030/api/v1/ {"timestamp":"2022-01-19T10:11:18.393Z"}
info: Connected to the database. {"timestamp":"2022-01-19T10:11:18.507Z"}
info: the token--eyJhbGciOiJIUzI1NiJ9.cmVzZXRwYXNzd29yZEBnbWFpbC5jb20.JIMf_B1vSD4HkX0ZNF6_sHbrqUE47oiFP0a6IXWTfkY {"timestamp":"2022-01-19T10:11:18.636Z"}
info: Server started at http://localhost:3030/api/v1/ {"timestamp":"2022-01-19T10:12:10.213Z"}
info: Connected to the database. {"timestamp":"2022-01-19T10:12:10.365Z"}
info: Server started at http://localhost:3030/api/v1/ {"timestamp":"2022-01-19T10:12:43.935Z"}
info: Connected to the database. {"timestamp":"2022-01-19T10:12:44.107Z"}
info: Server started at http://localhost:5000/api/v1/ {"timestamp":"2022-01-19T10:13:29.121Z"}
info: Connected to the database. {"timestamp":"2022-01-19T10:13:29.218Z"}
info: the token--eyJhbGciOiJIUzI1NiJ9.cmVzZXRwYXNzd29yZEBnbWFpbC5jb20.JIMf_B1vSD4HkX0ZNF6_sHbrqUE47oiFP0a6IXWTfkY {"timestamp":"2022-01-19T10:13:29.361Z"}
info: Server started at http://localhost:5000/api/v1/ {"timestamp":"2022-01-19T10:14:22.217Z"}
info: Connected to the database. {"timestamp":"2022-01-19T10:14:22.332Z"}
info: Server started at http://localhost:9000/api/v1/ {"timestamp":"2022-01-19T10:15:27.490Z"}
info: Connected to the database. {"timestamp":"2022-01-19T10:15:27.574Z"}
info: the token--eyJhbGciOiJIUzI1NiJ9.cmVzZXRwYXNzd29yZEBnbWFpbC5jb20.JIMf_B1vSD4HkX0ZNF6_sHbrqUE47oiFP0a6IXWTfkY {"timestamp":"2022-01-19T10:15:27.740Z"}
info: Server started at http://localhost:9000/api/v1/ {"timestamp":"2022-01-19T10:16:34.209Z"}
info: Connected to the database. {"timestamp":"2022-01-19T10:16:34.299Z"}
info: Server started at http://localhost:9030/api/v1/ {"timestamp":"2022-01-19T10:17:10.951Z"}
info: Connected to the database. {"timestamp":"2022-01-19T10:17:11.035Z"}
info: the token--eyJhbGciOiJIUzI1NiJ9.cmVzZXRwYXNzd29yZEBnbWFpbC5jb20.JIMf_B1vSD4HkX0ZNF6_sHbrqUE47oiFP0a6IXWTfkY {"timestamp":"2022-01-19T10:17:11.184Z"}
info: Server started at http://localhost:9010/api/v1/ {"timestamp":"2022-01-19T10:17:48.346Z"}
info: Connected to the database. {"timestamp":"2022-01-19T10:17:48.488Z"}
info: Server started at http://localhost:9800/api/v1/ {"timestamp":"2022-01-19T10:20:16.790Z"}
info: Connected to the database. {"timestamp":"2022-01-19T10:20:16.915Z"}
info: Server started at http://localhost:9110/api/v1/ {"timestamp":"2022-01-19T10:20:40.720Z"}
info: Connected to the database. {"timestamp":"2022-01-19T10:20:40.810Z"}
info: the token--eyJhbGciOiJIUzI1NiJ9.cmVzZXRwYXNzd29yZEBnbWFpbC5jb20.JIMf_B1vSD4HkX0ZNF6_sHbrqUE47oiFP0a6IXWTfkY {"timestamp":"2022-01-19T10:20:40.976Z"}
info: Server started at http://localhost:8000/api/v1/ {"timestamp":"2022-01-19T10:21:09.811Z"}
info: Connected to the database. {"timestamp":"2022-01-19T10:21:09.887Z"}
info: Server started at http://localhost:6000/api/v1/ {"timestamp":"2022-01-19T10:21:58.658Z"}
info: Connected to the database. {"timestamp":"2022-01-19T10:21:58.767Z"}
info: the token--eyJhbGciOiJIUzI1NiJ9.cmVzZXRwYXNzd29yZEBnbWFpbC5jb20.JIMf_B1vSD4HkX0ZNF6_sHbrqUE47oiFP0a6IXWTfkY {"timestamp":"2022-01-19T10:21:58.929Z"}
info: Server started at http://localhost:6000/api/v1/ {"timestamp":"2022-01-19T10:30:45.588Z"}
info: Connected to the database. {"timestamp":"2022-01-19T10:30:45.667Z"}
info: the token--eyJhbGciOiJIUzI1NiJ9.cmVzZXRwYXNzd29yZEBnbWFpbC5jb20.JIMf_B1vSD4HkX0ZNF6_sHbrqUE47oiFP0a6IXWTfkY {"timestamp":"2022-01-19T10:30:45.796Z"}
info: Server started at http://localhost:3000/api/v1/ {"timestamp":"2022-01-19T10:31:20.643Z"}
info: Connected to the database. {"timestamp":"2022-01-19T10:31:20.810Z"}
info: the token--eyJhbGciOiJIUzI1NiJ9.cmVzZXRwYXNzd29yZEBnbWFpbC5jb20.JIMf_B1vSD4HkX0ZNF6_sHbrqUE47oiFP0a6IXWTfkY {"timestamp":"2022-01-19T10:31:20.852Z"}
info: Server started at http://localhost:3000/api/v1/ {"timestamp":"2022-01-19T10:33:24.547Z"}
info: Connected to the database. {"timestamp":"2022-01-19T10:33:24.603Z"}
info: Server started at http://localhost:3000/api/v1/ {"timestamp":"2022-01-19T10:34:22.766Z"}
info: Connected to the database. {"timestamp":"2022-01-19T10:34:22.825Z"}
info: Server started at http://localhost:3000/api/v1/ {"timestamp":"2022-01-19T10:41:44.025Z"}
info: Connected to the database. {"timestamp":"2022-01-19T10:41:44.203Z"}
info: the token--eyJhbGciOiJIUzI1NiJ9.cmVzZXRwYXNzd29yZEBnbWFpbC5jb20.JIMf_B1vSD4HkX0ZNF6_sHbrqUE47oiFP0a6IXWTfkY {"timestamp":"2022-01-19T10:41:44.693Z"}
info: Server started at http://localhost:3000/api/v1/ {"timestamp":"2022-01-19T10:42:01.569Z"}
info: Connected to the database. {"timestamp":"2022-01-19T10:42:01.635Z"}
info: the token--eyJhbGciOiJIUzI1NiJ9.cmVzZXRwYXNzd29yZEBnbWFpbC5jb20.JIMf_B1vSD4HkX0ZNF6_sHbrqUE47oiFP0a6IXWTfkY {"timestamp":"2022-01-19T10:42:01.730Z"}
info: Server started at http://localhost:3000/api/v1/ {"timestamp":"2022-01-19T10:48:16.529Z"}
info: Connected to the database. {"timestamp":"2022-01-19T10:48:16.569Z"}
info: Server started at http://localhost:3000/api/v1/ {"timestamp":"2022-01-19T10:52:02.302Z"}
info: Connected to the database. {"timestamp":"2022-01-19T10:52:02.356Z"}
info: Server started at http://localhost:3000/api/v1/ {"timestamp":"2022-01-19T10:54:54.177Z"}
info: Connected to the database. {"timestamp":"2022-01-19T10:54:54.215Z"}
info: Server started at http://localhost:3000/api/v1/ {"timestamp":"2022-01-19T10:55:36.846Z"}
info: Connected to the database. {"timestamp":"2022-01-19T10:55:36.913Z"}
info: Server started at http://localhost:3000/api/v1/ {"timestamp":"2022-01-19T10:56:25.655Z"}
info: Connected to the database. {"timestamp":"2022-01-19T10:56:25.695Z"}
info: Server started at http://localhost:3000/api/v1/ {"timestamp":"2022-01-19T10:58:32.703Z"}
info: Connected to the database. {"timestamp":"2022-01-19T10:58:32.751Z"}
info: Server started at http://localhost:3000/api/v1/ {"timestamp":"2022-01-19T11:00:11.892Z"}
info: Connected to the database. {"timestamp":"2022-01-19T11:00:11.937Z"}
info: Server started at http://localhost:3000/api/v1/ {"timestamp":"2022-01-19T11:09:11.845Z"}
info: Connected to the database. {"timestamp":"2022-01-19T11:09:11.905Z"}
info: Server started at http://localhost:3000/api/v1/ {"timestamp":"2022-01-19T11:09:45.743Z"}
info: Connected to the database. {"timestamp":"2022-01-19T11:09:45.817Z"}
info: Server started at http://localhost:3000/api/v1/ {"timestamp":"2022-01-19T11:13:18.600Z"}
info: Connected to the database. {"timestamp":"2022-01-19T11:13:18.668Z"}
info: Server started at http://localhost:3000/api/v1/ {"timestamp":"2022-01-19T11:15:08.918Z"}
info: Connected to the database. {"timestamp":"2022-01-19T11:15:08.982Z"}
info: Server started at http://localhost:3000/api/v1/ {"timestamp":"2022-01-19T11:17:51.754Z"}
info: Connected to the database. {"timestamp":"2022-01-19T11:17:51.825Z"}
info: Server started at http://localhost:3000/api/v1/ {"timestamp":"2022-01-19T11:19:56.182Z"}
info: Connected to the database. {"timestamp":"2022-01-19T11:19:56.264Z"}
info: Server started at http://localhost:3000/api/v1/ {"timestamp":"2022-01-19T11:20:37.492Z"}
info: Connected to the database. {"timestamp":"2022-01-19T11:20:37.541Z"}
info: Server started at http://localhost:3000/api/v1/ {"timestamp":"2022-01-19T11:23:21.412Z"}
info: Connected to the database. {"timestamp":"2022-01-19T11:23:21.468Z"}
info: Server started at http://localhost:3000/api/v1/ {"timestamp":"2022-01-19T11:25:38.767Z"}
info: Connected to the database. {"timestamp":"2022-01-19T11:25:38.839Z"}
info: Server started at http://localhost:3000/api/v1/ {"timestamp":"2022-01-19T11:29:13.041Z"}
info: Connected to the database. {"timestamp":"2022-01-19T11:29:13.082Z"}
info: Server started at http://localhost:3000/api/v1/ {"timestamp":"2022-01-19T11:30:05.081Z"}
info: Connected to the database. {"timestamp":"2022-01-19T11:30:05.137Z"}
info: Server started at http://localhost:3000/api/v1/ {"timestamp":"2022-01-19T11:30:30.847Z"}
info: Connected to the database. {"timestamp":"2022-01-19T11:30:30.909Z"}
info: Server started at http://localhost:3000/api/v1/ {"timestamp":"2022-01-19T11:34:38.830Z"}
info: Connected to the database. {"timestamp":"2022-01-19T11:34:38.957Z"}
info: the token--eyJhbGciOiJIUzI1NiJ9.cmVzZXRwYXNzd29yZEBnbWFpbC5jb20.JIMf_B1vSD4HkX0ZNF6_sHbrqUE47oiFP0a6IXWTfkY {"timestamp":"2022-01-19T11:34:39.736Z"}
info: the token--eyJhbGciOiJIUzI1NiJ9.cmVzZXRwYXNzd29yZEBnbWFpbC5jb20.JIMf_B1vSD4HkX0ZNF6_sHbrqUE47oiFP0a6IXWTfkY {"timestamp":"2022-01-19T11:34:44.154Z"}
info: the token--eyJhbGciOiJIUzI1NiJ9.cmVzZXRwYXNzd29yZEBnbWFpbC5jb20.JIMf_B1vSD4HkX0ZNF6_sHbrqUE47oiFP0a6IXWTfkY {"timestamp":"2022-01-19T11:34:48.388Z"}
info: Server started at http://localhost:3000/api/v1/ {"timestamp":"2022-01-19T11:37:21.501Z"}
info: Connected to the database. {"timestamp":"2022-01-19T11:37:21.574Z"}
info: the token--eyJhbGciOiJIUzI1NiJ9.cmVzZXRwYXNzd29yZEBnbWFpbC5jb20.JIMf_B1vSD4HkX0ZNF6_sHbrqUE47oiFP0a6IXWTfkY {"timestamp":"2022-01-19T11:37:22.208Z"}
info: the token--eyJhbGciOiJIUzI1NiJ9.cmVzZXRwYXNzd29yZEBnbWFpbC5jb20.JIMf_B1vSD4HkX0ZNF6_sHbrqUE47oiFP0a6IXWTfkY {"timestamp":"2022-01-19T11:37:26.263Z"}
info: the token--eyJhbGciOiJIUzI1NiJ9.cmVzZXRwYXNzd29yZEBnbWFpbC5jb20.JIMf_B1vSD4HkX0ZNF6_sHbrqUE47oiFP0a6IXWTfkY {"timestamp":"2022-01-19T11:37:30.138Z"}
info: Server started at http://localhost:3000/api/v1/ {"timestamp":"2022-01-19T11:40:26.709Z"}
info: Connected to the database. {"timestamp":"2022-01-19T11:40:26.760Z"}
info: the token--eyJhbGciOiJIUzI1NiJ9.cmVzZXRwYXNzd29yZEBnbWFpbC5jb20.JIMf_B1vSD4HkX0ZNF6_sHbrqUE47oiFP0a6IXWTfkY {"timestamp":"2022-01-19T11:40:27.308Z"}
info: the token--eyJhbGciOiJIUzI1NiJ9.cmVzZXRwYXNzd29yZEBnbWFpbC5jb20.JIMf_B1vSD4HkX0ZNF6_sHbrqUE47oiFP0a6IXWTfkY {"timestamp":"2022-01-19T11:40:32.449Z"}
info: the token--eyJhbGciOiJIUzI1NiJ9.cmVzZXRwYXNzd29yZEBnbWFpbC5jb20.JIMf_B1vSD4HkX0ZNF6_sHbrqUE47oiFP0a6IXWTfkY {"timestamp":"2022-01-19T11:40:36.117Z"}
info: Server started at http://localhost:3000/api/v1/ {"timestamp":"2022-01-19T11:41:33.740Z"}
info: Connected to the database. {"timestamp":"2022-01-19T11:41:33.794Z"}
info: the token--eyJhbGciOiJIUzI1NiJ9.cmVzZXRwYXNzd29yZEBnbWFpbC5jb20.JIMf_B1vSD4HkX0ZNF6_sHbrqUE47oiFP0a6IXWTfkY {"timestamp":"2022-01-19T11:41:34.324Z"}
info: the token--eyJhbGciOiJIUzI1NiJ9.cmVzZXRwYXNzd29yZEBnbWFpbC5jb20.JIMf_B1vSD4HkX0ZNF6_sHbrqUE47oiFP0a6IXWTfkY {"timestamp":"2022-01-19T11:41:38.570Z"}
info: the token--eyJhbGciOiJIUzI1NiJ9.cmVzZXRwYXNzd29yZEBnbWFpbC5jb20.JIMf_B1vSD4HkX0ZNF6_sHbrqUE47oiFP0a6IXWTfkY {"timestamp":"2022-01-19T11:41:42.502Z"}
info: Server started at http://localhost:3000/api/v1/ {"timestamp":"2022-01-19T11:43:52.167Z"}
info: Connected to the database. {"timestamp":"2022-01-19T11:43:52.215Z"}
info: Server started at http://localhost:3000/api/v1/ {"timestamp":"2022-01-19T11:44:40.160Z"}
info: Connected to the database. {"timestamp":"2022-01-19T11:44:40.201Z"}
info: Server started at http://localhost:3000/api/v1/ {"timestamp":"2022-01-19T11:45:18.388Z"}
info: Connected to the database. {"timestamp":"2022-01-19T11:45:18.450Z"}
info: the token--eyJhbGciOiJIUzI1NiJ9.cmVzZXRwYXNzd29yZEBnbWFpbC5jb20.JIMf_B1vSD4HkX0ZNF6_sHbrqUE47oiFP0a6IXWTfkY {"timestamp":"2022-01-19T11:45:18.969Z"}
info: the token--eyJhbGciOiJIUzI1NiJ9.cmVzZXRwYXNzd29yZEBnbWFpbC5jb20.JIMf_B1vSD4HkX0ZNF6_sHbrqUE47oiFP0a6IXWTfkY {"timestamp":"2022-01-19T11:45:23.199Z"}
info: the token--eyJhbGciOiJIUzI1NiJ9.cmVzZXRwYXNzd29yZEBnbWFpbC5jb20.JIMf_B1vSD4HkX0ZNF6_sHbrqUE47oiFP0a6IXWTfkY {"timestamp":"2022-01-19T11:45:26.811Z"}
info: the token--eyJhbGciOiJIUzI1NiJ9.cmVzZXRwYXNzd29yZEBnbWFpbC5jb20.JIMf_B1vSD4HkX0ZNF6_sHbrqUE47oiFP0a6IXWTfkY {"timestamp":"2022-01-19T11:45:31.460Z"}
info: Server started at http://localhost:3000/api/v1/ {"timestamp":"2022-01-19T11:55:33.334Z"}
info: Connected to the database. {"timestamp":"2022-01-19T11:55:33.385Z"}
info: Server started at http://localhost:3000/api/v1/ {"timestamp":"2022-01-19T15:02:25.988Z"}
info: Connected to the database. {"timestamp":"2022-01-19T15:02:26.148Z"}
info: Server started at http://localhost:3000/api/v1/ {"timestamp":"2022-01-19T15:03:48.231Z"}
info: Connected to the database. {"timestamp":"2022-01-19T15:03:48.293Z"}
info: Server started at http://localhost:3000/api/v1/ {"timestamp":"2022-01-19T15:05:22.803Z"}
info: Connected to the database. {"timestamp":"2022-01-19T15:05:22.853Z"}
info: Server started at http://localhost:3000/api/v1/ {"timestamp":"2022-01-19T15:25:28.560Z"}
info: Connected to the database. {"timestamp":"2022-01-19T15:25:28.624Z"}
info: Login token  eyJhbGciOiJIUzI1NiIsInR5cCI6IkpXVCJ9.eyJpZCI6IjYxZTNjMDkzM2U5ODNmMTk3MDFiZDhlMCIsImVtYWlsIjoiYW5pbWFsc0BnbWFpbC5jb20iLCJpYXQiOjE2NDI2MDU5NDN9.MdR8sCTs-4WA8tEMukfwQzyOWL5l3SN_HqiFzOGFcyM {"timestamp":"2022-01-19T15:25:43.855Z"}
info: Server started at http://localhost:3000/api/v1/ {"timestamp":"2022-01-19T15:26:59.570Z"}
info: Connected to the database. {"timestamp":"2022-01-19T15:26:59.634Z"}
info: Login token  eyJhbGciOiJIUzI1NiIsInR5cCI6IkpXVCJ9.eyJpZCI6IjYxZTNjMDkzM2U5ODNmMTk3MDFiZDhlMCIsImVtYWlsIjoiYW5pbWFsc0BnbWFpbC5jb20iLCJpYXQiOjE2NDI2MDYwMjV9.S6iSFmBG0JiRExH5nuRUi4Wk0c4vB4RyGTf7LmA-mps {"timestamp":"2022-01-19T15:27:05.112Z"}
info: Server started at http://localhost:3000/api/v1/ {"timestamp":"2022-01-19T15:28:03.071Z"}
info: Connected to the database. {"timestamp":"2022-01-19T15:28:03.126Z"}
info: Login token  eyJhbGciOiJIUzI1NiIsInR5cCI6IkpXVCJ9.eyJpZCI6IjYxZTNjMDkzM2U5ODNmMTk3MDFiZDhlMCIsImVtYWlsIjoiYW5pbWFsc0BnbWFpbC5jb20iLCJpYXQiOjE2NDI2MDYwODh9.35fieWB6p2zizcChuGSV0f5g3HYtS7MMSEiZEMcRgW0 {"timestamp":"2022-01-19T15:28:08.174Z"}
info: Server started at http://localhost:3000/api/v1/ {"timestamp":"2022-01-19T15:29:43.872Z"}
info: Connected to the database. {"timestamp":"2022-01-19T15:29:43.965Z"}
info: Login token  eyJhbGciOiJIUzI1NiIsInR5cCI6IkpXVCJ9.eyJpZCI6IjYxZTNjMDkzM2U5ODNmMTk3MDFiZDhlMCIsImVtYWlsIjoiYW5pbWFsc0BnbWFpbC5jb20iLCJpYXQiOjE2NDI2MDYxOTF9.40U7nSel33Ak48VBf0E_8hUqHFQHyhpSWNIE-XcVI6Y {"timestamp":"2022-01-19T15:29:51.487Z"}
info: Server started at http://localhost:3000/api/v1/ {"timestamp":"2022-01-19T15:30:31.288Z"}
info: Connected to the database. {"timestamp":"2022-01-19T15:30:31.342Z"}
info: Login token  eyJhbGciOiJIUzI1NiIsInR5cCI6IkpXVCJ9.eyJpZCI6IjYxZTNjMDkzM2U5ODNmMTk3MDFiZDhlMCIsImVtYWlsIjoiYW5pbWFsc0BnbWFpbC5jb20iLCJpYXQiOjE2NDI2MDYyMzZ9.He18mIY-dkm-Gi_n4OGgKt7v43IaIyNqPfLTpbvpQW4 {"timestamp":"2022-01-19T15:30:36.939Z"}
info: Server started at http://localhost:3000/api/v1/ {"timestamp":"2022-01-19T15:31:39.075Z"}
info: Connected to the database. {"timestamp":"2022-01-19T15:31:39.144Z"}
info: Login token  eyJhbGciOiJIUzI1NiIsInR5cCI6IkpXVCJ9.eyJpZCI6IjYxZTNjMDkzM2U5ODNmMTk3MDFiZDhlMCIsImVtYWlsIjoiYW5pbWFsc0BnbWFpbC5jb20iLCJpYXQiOjE2NDI2MDYzMDZ9.2zrm8I6DPk5xh_xrS2hA-i1763rw8FGdQEFRzk2-bII {"timestamp":"2022-01-19T15:31:46.683Z"}
info: Server started at http://localhost:3000/api/v1/ {"timestamp":"2022-01-19T15:40:19.163Z"}
info: Connected to the database. {"timestamp":"2022-01-19T15:40:19.225Z"}
info: Server started at http://localhost:3000/api/v1/ {"timestamp":"2022-01-19T15:40:58.112Z"}
info: Connected to the database. {"timestamp":"2022-01-19T15:40:58.193Z"}
info: Server started at http://localhost:3000/api/v1/ {"timestamp":"2022-01-19T15:43:53.338Z"}
info: Connected to the database. {"timestamp":"2022-01-19T15:43:53.419Z"}
info: Login token  eyJhbGciOiJIUzI1NiIsInR5cCI6IkpXVCJ9.eyJpZCI6IjYxZTNjMTgyM2U5ODNmMTk3MDFiZDhlNCIsImVtYWlsIjoiZnJ1aXRzQGdtYWlsLmNvbSIsImlhdCI6MTY0MjYwNzAzM30.jM-4hZsii0IiPcNjQZ8GNo6VHooOLAXdmnawMHMGN8k {"timestamp":"2022-01-19T15:43:53.686Z"}
info: Server started at http://localhost:3000/api/v1/ {"timestamp":"2022-01-19T15:45:28.167Z"}
info: Connected to the database. {"timestamp":"2022-01-19T15:45:28.237Z"}
info: Login token  eyJhbGciOiJIUzI1NiIsInR5cCI6IkpXVCJ9.eyJpZCI6IjYxZTNjMTgyM2U5ODNmMTk3MDFiZDhlNCIsImVtYWlsIjoiZnJ1aXRzQGdtYWlsLmNvbSIsImlhdCI6MTY0MjYwNzEyOH0.U-njHFg8e8Ozeky88kL7IymtwqGjhXZXN83T1x542TI {"timestamp":"2022-01-19T15:45:28.577Z"}
info: Server started at http://localhost:3000/api/v1/ {"timestamp":"2022-01-19T15:46:47.541Z"}
info: Connected to the database. {"timestamp":"2022-01-19T15:46:47.598Z"}
info: Login token  eyJhbGciOiJIUzI1NiIsInR5cCI6IkpXVCJ9.eyJpZCI6IjYxZTNjMTgyM2U5ODNmMTk3MDFiZDhlNCIsImVtYWlsIjoiZnJ1aXRzQGdtYWlsLmNvbSIsImlhdCI6MTY0MjYwNzIwN30.Rn5PSTVv5Tb7cL7pFdqsFnlAdj2zHb5mFJXlAwANxsM {"timestamp":"2022-01-19T15:46:47.839Z"}
info: Server started at http://localhost:3000/api/v1/ {"timestamp":"2022-01-19T15:49:38.074Z"}
info: Connected to the database. {"timestamp":"2022-01-19T15:49:38.135Z"}
info: Login token  eyJhbGciOiJIUzI1NiIsInR5cCI6IkpXVCJ9.eyJpZCI6IjYxZTNjMTgyM2U5ODNmMTk3MDFiZDhlNCIsImVtYWlsIjoiZnJ1aXRzQGdtYWlsLmNvbSIsImlhdCI6MTY0MjYwNzM3OH0.5W3WnGQyzH7ZF6NDxSZT_7Q3XWJYeu_392VGPp-kiEw {"timestamp":"2022-01-19T15:49:38.399Z"}
info: Server started at http://localhost:3000/api/v1/ {"timestamp":"2022-01-19T15:52:02.081Z"}
info: Connected to the database. {"timestamp":"2022-01-19T15:52:02.130Z"}
info: Login token  eyJhbGciOiJIUzI1NiIsInR5cCI6IkpXVCJ9.eyJpZCI6IjYxZTNjMTgyM2U5ODNmMTk3MDFiZDhlNCIsImVtYWlsIjoiZnJ1aXRzQGdtYWlsLmNvbSIsImlhdCI6MTY0MjYwNzUyMn0.8QPUZ7sfLC_NmgCQYJYXbziB9vD3gdxhtXVPv5E9DX0 {"timestamp":"2022-01-19T15:52:02.386Z"}
info: Server started at http://localhost:3000/api/v1/ {"timestamp":"2022-01-19T16:00:28.563Z"}
info: Connected to the database. {"timestamp":"2022-01-19T16:00:28.649Z"}
info: Login token  eyJhbGciOiJIUzI1NiIsInR5cCI6IkpXVCJ9.eyJpZCI6IjYxZTNjMTgyM2U5ODNmMTk3MDFiZDhlNCIsImVtYWlsIjoiZnJ1aXRzQGdtYWlsLmNvbSIsImlhdCI6MTY0MjYwODAyOH0.0xyP0586G5nWHDpXS6RpOYTwYHXoNaZnLXDUe5fz1Ek {"timestamp":"2022-01-19T16:00:28.911Z"}
info: Server started at http://localhost:3000/api/v1/ {"timestamp":"2022-01-19T16:08:08.608Z"}
info: Connected to the database. {"timestamp":"2022-01-19T16:08:08.669Z"}
info: Server started at http://localhost:3000/api/v1/ {"timestamp":"2022-01-19T16:14:57.110Z"}
info: Connected to the database. {"timestamp":"2022-01-19T16:14:57.157Z"}
info: Server started at http://localhost:3000/api/v1/ {"timestamp":"2022-01-19T16:15:43.778Z"}
info: Connected to the database. {"timestamp":"2022-01-19T16:15:43.833Z"}
info: Server started at http://localhost:3000/api/v1/ {"timestamp":"2022-01-19T16:16:18.763Z"}
info: Connected to the database. {"timestamp":"2022-01-19T16:16:18.848Z"}
info: Server started at http://localhost:3000/api/v1/ {"timestamp":"2022-01-19T16:16:43.141Z"}
info: Connected to the database. {"timestamp":"2022-01-19T16:16:43.207Z"}
info: Server started at http://localhost:3000/api/v1/ {"timestamp":"2022-01-19T16:17:27.158Z"}
info: Connected to the database. {"timestamp":"2022-01-19T16:17:27.238Z"}
info: Login token  eyJhbGciOiJIUzI1NiIsInR5cCI6IkpXVCJ9.eyJpZCI6IjYxZTNjMTgyM2U5ODNmMTk3MDFiZDhlNCIsImVtYWlsIjoiZnJ1aXRzQGdtYWlsLmNvbSIsImlhdCI6MTY0MjYwOTA0N30.WyitIqp4yBz-wuu7yFI6Vxwj27zw5U87ekB9shQ35zc {"timestamp":"2022-01-19T16:17:27.927Z"}
info: Token for Reset password--eyJhbGciOiJIUzI1NiJ9.cmVzZXRwYXNzd29yZEBnbWFpbC5jb20.JIMf_B1vSD4HkX0ZNF6_sHbrqUE47oiFP0a6IXWTfkY {"timestamp":"2022-01-19T16:17:27.963Z"}
info: Token for Reset password--eyJhbGciOiJIUzI1NiJ9.cmVzZXRwYXNzd29yZEBnbWFpbC5jb20.JIMf_B1vSD4HkX0ZNF6_sHbrqUE47oiFP0a6IXWTfkY {"timestamp":"2022-01-19T16:17:33.102Z"}
info: Token for Reset password--eyJhbGciOiJIUzI1NiJ9.cmVzZXRwYXNzd29yZEBnbWFpbC5jb20.JIMf_B1vSD4HkX0ZNF6_sHbrqUE47oiFP0a6IXWTfkY {"timestamp":"2022-01-19T16:17:37.374Z"}
info: Token for Reset password--eyJhbGciOiJIUzI1NiJ9.cmVzZXRwYXNzd29yZEBnbWFpbC5jb20.JIMf_B1vSD4HkX0ZNF6_sHbrqUE47oiFP0a6IXWTfkY {"timestamp":"2022-01-19T16:17:41.247Z"}
info: Login token  eyJhbGciOiJIUzI1NiIsInR5cCI6IkpXVCJ9.eyJpZCI6IjYxZTNjMTgyM2U5ODNmMTk3MDFiZDhlNCIsImVtYWlsIjoiZnJ1aXRzQGdtYWlsLmNvbSIsImlhdCI6MTY0MjYwOTA2NX0.7HQ69mF6G4By_aWMrC0n70rH_tHHMokp-0AclT9wbDQ {"timestamp":"2022-01-19T16:17:45.006Z"}
info: Login token  eyJhbGciOiJIUzI1NiIsInR5cCI6IkpXVCJ9.eyJpZCI6IjYxZTNjMTgyM2U5ODNmMTk3MDFiZDhlNCIsImVtYWlsIjoiZnJ1aXRzQGdtYWlsLmNvbSIsImlhdCI6MTY0MjYwOTA2NX0.7HQ69mF6G4By_aWMrC0n70rH_tHHMokp-0AclT9wbDQ {"timestamp":"2022-01-19T16:17:45.224Z"}
info: Login token  eyJhbGciOiJIUzI1NiIsInR5cCI6IkpXVCJ9.eyJpZCI6IjYxZTNjMTgyM2U5ODNmMTk3MDFiZDhlNCIsImVtYWlsIjoiZnJ1aXRzQGdtYWlsLmNvbSIsImlhdCI6MTY0MjYwOTA2NX0.7HQ69mF6G4By_aWMrC0n70rH_tHHMokp-0AclT9wbDQ {"timestamp":"2022-01-19T16:17:45.451Z"}
info: Server started at http://localhost:3000/api/v1/ {"timestamp":"2022-01-19T16:26:08.436Z"}
info: Connected to the database. {"timestamp":"2022-01-19T16:26:08.506Z"}
info: Login token  eyJhbGciOiJIUzI1NiIsInR5cCI6IkpXVCJ9.eyJpZCI6IjYxZTNjMTgyM2U5ODNmMTk3MDFiZDhlNCIsImVtYWlsIjoiZnJ1aXRzQGdtYWlsLmNvbSIsImlhdCI6MTY0MjYwOTU2OH0.-ZOv8M5dZk1DmrBl0-yCqC583xf996V0UPYPooeMI84 {"timestamp":"2022-01-19T16:26:08.768Z"}
info: Server started at http://localhost:3000/api/v1/ {"timestamp":"2022-01-19T16:29:19.241Z"}
info: Connected to the database. {"timestamp":"2022-01-19T16:29:19.312Z"}
info: Login token  eyJhbGciOiJIUzI1NiIsInR5cCI6IkpXVCJ9.eyJpZCI6IjYxZTNjMTgyM2U5ODNmMTk3MDFiZDhlNCIsImVtYWlsIjoiZnJ1aXRzQGdtYWlsLmNvbSIsImlhdCI6MTY0MjYwOTc1OX0._MUO9J9YTC3cjxT6lbj_IwkmVUuj70XmhpMMcYecX2Y {"timestamp":"2022-01-19T16:29:19.587Z"}
info: Server started at http://localhost:3000/api/v1/ {"timestamp":"2022-01-19T16:31:16.546Z"}
info: Connected to the database. {"timestamp":"2022-01-19T16:31:16.632Z"}
info: Login token  eyJhbGciOiJIUzI1NiIsInR5cCI6IkpXVCJ9.eyJpZCI6IjYxZTNjMTgyM2U5ODNmMTk3MDFiZDhlNCIsImVtYWlsIjoiZnJ1aXRzQGdtYWlsLmNvbSIsImlhdCI6MTY0MjYwOTg3N30.cJ4dVlmJUpiBaK0qMKCSzM-ZsX8JNRpDeOv38zRIWEI {"timestamp":"2022-01-19T16:31:17.249Z"}
info: Token for Reset password--eyJhbGciOiJIUzI1NiJ9.cmVzZXRwYXNzd29yZEBnbWFpbC5jb20.JIMf_B1vSD4HkX0ZNF6_sHbrqUE47oiFP0a6IXWTfkY {"timestamp":"2022-01-19T16:31:17.291Z"}
info: Token for Reset password--eyJhbGciOiJIUzI1NiJ9.cmVzZXRwYXNzd29yZEBnbWFpbC5jb20.JIMf_B1vSD4HkX0ZNF6_sHbrqUE47oiFP0a6IXWTfkY {"timestamp":"2022-01-19T16:31:23.669Z"}
info: Token for Reset password--eyJhbGciOiJIUzI1NiJ9.cmVzZXRwYXNzd29yZEBnbWFpbC5jb20.JIMf_B1vSD4HkX0ZNF6_sHbrqUE47oiFP0a6IXWTfkY {"timestamp":"2022-01-19T16:31:29.229Z"}
info: Token for Reset password--eyJhbGciOiJIUzI1NiJ9.cmVzZXRwYXNzd29yZEBnbWFpbC5jb20.JIMf_B1vSD4HkX0ZNF6_sHbrqUE47oiFP0a6IXWTfkY {"timestamp":"2022-01-19T16:31:35.319Z"}
info: Login token  eyJhbGciOiJIUzI1NiIsInR5cCI6IkpXVCJ9.eyJpZCI6IjYxZTNjMTgyM2U5ODNmMTk3MDFiZDhlNCIsImVtYWlsIjoiZnJ1aXRzQGdtYWlsLmNvbSIsImlhdCI6MTY0MjYwOTkwMn0.i0f_yjIxb_995n-BNt435B1CMX_Arc3pH1Re-4xp3bU {"timestamp":"2022-01-19T16:31:42.070Z"}
info: Login token  eyJhbGciOiJIUzI1NiIsInR5cCI6IkpXVCJ9.eyJpZCI6IjYxZTNjMTgyM2U5ODNmMTk3MDFiZDhlNCIsImVtYWlsIjoiZnJ1aXRzQGdtYWlsLmNvbSIsImlhdCI6MTY0MjYwOTkwMn0.i0f_yjIxb_995n-BNt435B1CMX_Arc3pH1Re-4xp3bU {"timestamp":"2022-01-19T16:31:42.266Z"}
info: Login token  eyJhbGciOiJIUzI1NiIsInR5cCI6IkpXVCJ9.eyJpZCI6IjYxZTNjMTgyM2U5ODNmMTk3MDFiZDhlNCIsImVtYWlsIjoiZnJ1aXRzQGdtYWlsLmNvbSIsImlhdCI6MTY0MjYwOTkwMn0.i0f_yjIxb_995n-BNt435B1CMX_Arc3pH1Re-4xp3bU {"timestamp":"2022-01-19T16:31:42.437Z"}
info: Server started at http://localhost:3000/api/v1/ {"timestamp":"2022-01-19T16:52:39.871Z"}
info: Connected to the database. {"timestamp":"2022-01-19T16:52:39.945Z"}
info: Login token  eyJhbGciOiJIUzI1NiIsInR5cCI6IkpXVCJ9.eyJpZCI6IjYxZTNjMTgyM2U5ODNmMTk3MDFiZDhlNCIsImVtYWlsIjoiZnJ1aXRzQGdtYWlsLmNvbSIsImlhdCI6MTY0MjYxMTE2MH0.GQ2ajFUGmscqiyd56QMBA28pN-HFXI-eSzr5a0AKT3Y {"timestamp":"2022-01-19T16:52:40.274Z"}
info: Server started at http://localhost:3000/api/v1/ {"timestamp":"2022-01-19T16:54:55.946Z"}
info: Connected to the database. {"timestamp":"2022-01-19T16:54:56.007Z"}
info: Login token  eyJhbGciOiJIUzI1NiIsInR5cCI6IkpXVCJ9.eyJpZCI6IjYxZTNjMTgyM2U5ODNmMTk3MDFiZDhlNCIsImVtYWlsIjoiZnJ1aXRzQGdtYWlsLmNvbSIsImlhdCI6MTY0MjYxMTI5Nn0.hX_tq4mnPQj7-4zyu1joU8PFvKCYWS4Q6QEaYRbGIuw {"timestamp":"2022-01-19T16:54:56.273Z"}
info: Server started at http://localhost:3000/api/v1/ {"timestamp":"2022-01-19T17:18:10.395Z"}
info: Connected to the database. {"timestamp":"2022-01-19T17:18:10.450Z"}
info: Login token  eyJhbGciOiJIUzI1NiIsInR5cCI6IkpXVCJ9.eyJpZCI6IjYxZTNjMTgyM2U5ODNmMTk3MDFiZDhlNCIsImVtYWlsIjoiZnJ1aXRzQGdtYWlsLmNvbSIsImlhdCI6MTY0MjYxMjY5MH0.Amuv9HPlzAAwOxY8OfMRLiKvhBzJ9RlHoZB82mnxtTE {"timestamp":"2022-01-19T17:18:10.713Z"}
info: Server started at http://localhost:3000/api/v1/ {"timestamp":"2022-01-19T17:19:35.856Z"}
info: Connected to the database. {"timestamp":"2022-01-19T17:19:35.923Z"}
info: Login token  eyJhbGciOiJIUzI1NiIsInR5cCI6IkpXVCJ9.eyJpZCI6IjYxZTNjMTgyM2U5ODNmMTk3MDFiZDhlNCIsImVtYWlsIjoiZnJ1aXRzQGdtYWlsLmNvbSIsImlhdCI6MTY0MjYxMjc3Nn0.48GWx1AAtBnnqjbhwtX85cY0RyWo0_lrA7r-vjjMqZU {"timestamp":"2022-01-19T17:19:36.207Z"}
info: Server started at http://localhost:3000/api/v1/ {"timestamp":"2022-01-19T17:20:24.629Z"}
info: Connected to the database. {"timestamp":"2022-01-19T17:20:24.674Z"}
info: Server started at http://localhost:3000/api/v1/ {"timestamp":"2022-01-19T17:22:16.390Z"}
info: Connected to the database. {"timestamp":"2022-01-19T17:22:16.444Z"}
info: Server started at http://localhost:3000/api/v1/ {"timestamp":"2022-01-19T17:24:58.684Z"}
info: Connected to the database. {"timestamp":"2022-01-19T17:24:58.741Z"}
info: Login token  eyJhbGciOiJIUzI1NiIsInR5cCI6IkpXVCJ9.eyJpZCI6IjYxZTNjMTgyM2U5ODNmMTk3MDFiZDhlNCIsImVtYWlsIjoiZnJ1aXRzQGdtYWlsLmNvbSIsImlhdCI6MTY0MjYxMzU1M30.ItbgJ0BmARr_s3sHMbbhrVjkE-fJsvpCynzKxrsTWes {"timestamp":"2022-01-19T17:32:33.733Z"}
info: Server started at http://localhost:3000/api/v1/ {"timestamp":"2022-01-19T17:34:35.426Z"}
info: Connected to the database. {"timestamp":"2022-01-19T17:34:35.487Z"}
info: Server started at http://localhost:3000/api/v1/ {"timestamp":"2022-01-19T17:38:03.278Z"}
info: Connected to the database. {"timestamp":"2022-01-19T17:38:03.340Z"}
info: Server started at http://localhost:3000/api/v1/ {"timestamp":"2022-01-19T17:38:21.653Z"}
info: Connected to the database. {"timestamp":"2022-01-19T17:38:21.739Z"}
info: Login token  eyJhbGciOiJIUzI1NiIsInR5cCI6IkpXVCJ9.eyJpZCI6IjYxZTNjMTgyM2U5ODNmMTk3MDFiZDhlNCIsImVtYWlsIjoiZnJ1aXRzQGdtYWlsLmNvbSIsImlhdCI6MTY0MjYxMzkwMn0.M1hEv6VUsllUdEN0CX001ueYRirQwnFD0tfdnXECFZE {"timestamp":"2022-01-19T17:38:22.303Z"}
info: Token for Reset password--eyJhbGciOiJIUzI1NiJ9.cmVzZXRwYXNzd29yZEBnbWFpbC5jb20.JIMf_B1vSD4HkX0ZNF6_sHbrqUE47oiFP0a6IXWTfkY {"timestamp":"2022-01-19T17:38:22.337Z"}
info: Token for Reset password--eyJhbGciOiJIUzI1NiJ9.cmVzZXRwYXNzd29yZEBnbWFpbC5jb20.JIMf_B1vSD4HkX0ZNF6_sHbrqUE47oiFP0a6IXWTfkY {"timestamp":"2022-01-19T17:38:33.591Z"}
info: Token for Reset password--eyJhbGciOiJIUzI1NiJ9.cmVzZXRwYXNzd29yZEBnbWFpbC5jb20.JIMf_B1vSD4HkX0ZNF6_sHbrqUE47oiFP0a6IXWTfkY {"timestamp":"2022-01-19T17:38:38.679Z"}
info: Token for Reset password--eyJhbGciOiJIUzI1NiJ9.cmVzZXRwYXNzd29yZEBnbWFpbC5jb20.JIMf_B1vSD4HkX0ZNF6_sHbrqUE47oiFP0a6IXWTfkY {"timestamp":"2022-01-19T17:38:43.212Z"}
info: Login token  eyJhbGciOiJIUzI1NiIsInR5cCI6IkpXVCJ9.eyJpZCI6IjYxZTNjMTgyM2U5ODNmMTk3MDFiZDhlNCIsImVtYWlsIjoiZnJ1aXRzQGdtYWlsLmNvbSIsImlhdCI6MTY0MjYxMzkyOH0.PngSluT2k3p0ra-Q-cJlRv5VeymTll1aMtnqwgp_dyY {"timestamp":"2022-01-19T17:38:48.502Z"}
info: Login token  eyJhbGciOiJIUzI1NiIsInR5cCI6IkpXVCJ9.eyJpZCI6IjYxZTNjMTgyM2U5ODNmMTk3MDFiZDhlNCIsImVtYWlsIjoiZnJ1aXRzQGdtYWlsLmNvbSIsImlhdCI6MTY0MjYxMzkyOH0.PngSluT2k3p0ra-Q-cJlRv5VeymTll1aMtnqwgp_dyY {"timestamp":"2022-01-19T17:38:48.678Z"}
info: Login token  eyJhbGciOiJIUzI1NiIsInR5cCI6IkpXVCJ9.eyJpZCI6IjYxZTNjMTgyM2U5ODNmMTk3MDFiZDhlNCIsImVtYWlsIjoiZnJ1aXRzQGdtYWlsLmNvbSIsImlhdCI6MTY0MjYxMzkyOH0.PngSluT2k3p0ra-Q-cJlRv5VeymTll1aMtnqwgp_dyY {"timestamp":"2022-01-19T17:38:48.848Z"}
info: Login token  eyJhbGciOiJIUzI1NiIsInR5cCI6IkpXVCJ9.eyJpZCI6IjYxZTNjMTgyM2U5ODNmMTk3MDFiZDhlNCIsImVtYWlsIjoiZnJ1aXRzQGdtYWlsLmNvbSIsImlhdCI6MTY0MjYxMzkyOX0.p6qA3esYmuZ4m1_1x54vUP8t3kfWk_dOjJQ_YNtfkdg {"timestamp":"2022-01-19T17:38:49.024Z"}
info: Login token  eyJhbGciOiJIUzI1NiIsInR5cCI6IkpXVCJ9.eyJpZCI6IjYxZTNjMTgyM2U5ODNmMTk3MDFiZDhlNCIsImVtYWlsIjoiZnJ1aXRzQGdtYWlsLmNvbSIsImlhdCI6MTY0MjYxMzkyOX0.p6qA3esYmuZ4m1_1x54vUP8t3kfWk_dOjJQ_YNtfkdg {"timestamp":"2022-01-19T17:38:49.243Z"}
info: Server started at http://localhost:3000/api/v1/ {"timestamp":"2022-01-19T17:39:55.574Z"}
info: Connected to the database. {"timestamp":"2022-01-19T17:39:55.644Z"}
info: Login token  eyJhbGciOiJIUzI1NiIsInR5cCI6IkpXVCJ9.eyJpZCI6IjYxZTNjMTgyM2U5ODNmMTk3MDFiZDhlNCIsImVtYWlsIjoiZnJ1aXRzQGdtYWlsLmNvbSIsImlhdCI6MTY0MjYxMzk5Nn0.LE72dtArrpE_d2Z-zefxDu_GgYYXwt8y9u_ARZsiajE {"timestamp":"2022-01-19T17:39:56.207Z"}
info: Token for Reset password--eyJhbGciOiJIUzI1NiJ9.cmVzZXRwYXNzd29yZEBnbWFpbC5jb20.JIMf_B1vSD4HkX0ZNF6_sHbrqUE47oiFP0a6IXWTfkY {"timestamp":"2022-01-19T17:39:56.239Z"}
info: Token for Reset password--eyJhbGciOiJIUzI1NiJ9.cmVzZXRwYXNzd29yZEBnbWFpbC5jb20.JIMf_B1vSD4HkX0ZNF6_sHbrqUE47oiFP0a6IXWTfkY {"timestamp":"2022-01-19T17:40:00.463Z"}
info: Token for Reset password--eyJhbGciOiJIUzI1NiJ9.cmVzZXRwYXNzd29yZEBnbWFpbC5jb20.JIMf_B1vSD4HkX0ZNF6_sHbrqUE47oiFP0a6IXWTfkY {"timestamp":"2022-01-19T17:40:04.364Z"}
info: Token for Reset password--eyJhbGciOiJIUzI1NiJ9.cmVzZXRwYXNzd29yZEBnbWFpbC5jb20.JIMf_B1vSD4HkX0ZNF6_sHbrqUE47oiFP0a6IXWTfkY {"timestamp":"2022-01-19T17:40:08.689Z"}
info: Login token  eyJhbGciOiJIUzI1NiIsInR5cCI6IkpXVCJ9.eyJpZCI6IjYxZTNjMTgyM2U5ODNmMTk3MDFiZDhlNCIsImVtYWlsIjoiZnJ1aXRzQGdtYWlsLmNvbSIsImlhdCI6MTY0MjYxNDAxMn0.rP2heg1Pscg5bsvTfD0FRj4UA6F-IdWGVJaBEa4UX50 {"timestamp":"2022-01-19T17:40:12.843Z"}
info: Login token  eyJhbGciOiJIUzI1NiIsInR5cCI6IkpXVCJ9.eyJpZCI6IjYxZTNjMTgyM2U5ODNmMTk3MDFiZDhlNCIsImVtYWlsIjoiZnJ1aXRzQGdtYWlsLmNvbSIsImlhdCI6MTY0MjYxNDAxM30.XatQUx339OB-l-aDAyeRNOBor-nA1HEahPs0GS-Wv7Y {"timestamp":"2022-01-19T17:40:13.024Z"}
info: Login token  eyJhbGciOiJIUzI1NiIsInR5cCI6IkpXVCJ9.eyJpZCI6IjYxZTNjMTgyM2U5ODNmMTk3MDFiZDhlNCIsImVtYWlsIjoiZnJ1aXRzQGdtYWlsLmNvbSIsImlhdCI6MTY0MjYxNDAxM30.XatQUx339OB-l-aDAyeRNOBor-nA1HEahPs0GS-Wv7Y {"timestamp":"2022-01-19T17:40:13.194Z"}
info: Login token  eyJhbGciOiJIUzI1NiIsInR5cCI6IkpXVCJ9.eyJpZCI6IjYxZTNjMTgyM2U5ODNmMTk3MDFiZDhlNCIsImVtYWlsIjoiZnJ1aXRzQGdtYWlsLmNvbSIsImlhdCI6MTY0MjYxNDAxM30.XatQUx339OB-l-aDAyeRNOBor-nA1HEahPs0GS-Wv7Y {"timestamp":"2022-01-19T17:40:13.394Z"}
info: Login token  eyJhbGciOiJIUzI1NiIsInR5cCI6IkpXVCJ9.eyJpZCI6IjYxZTNjMTgyM2U5ODNmMTk3MDFiZDhlNCIsImVtYWlsIjoiZnJ1aXRzQGdtYWlsLmNvbSIsImlhdCI6MTY0MjYxNDAxM30.XatQUx339OB-l-aDAyeRNOBor-nA1HEahPs0GS-Wv7Y {"timestamp":"2022-01-19T17:40:13.570Z"}
info: Server started at http://localhost:3000/api/v1/ {"timestamp":"2022-01-19T17:45:06.462Z"}
info: Connected to the database. {"timestamp":"2022-01-19T17:45:06.527Z"}
info: Login token  eyJhbGciOiJIUzI1NiIsInR5cCI6IkpXVCJ9.eyJpZCI6IjYxZTNjMTgyM2U5ODNmMTk3MDFiZDhlNCIsImVtYWlsIjoiZnJ1aXRzQGdtYWlsLmNvbSIsImlhdCI6MTY0MjYxNDMwN30.hmv1azpzZXjDrOl1c4yq_5jHdalSBUJS11VRHmkJBO0 {"timestamp":"2022-01-19T17:45:07.097Z"}
info: Token for Reset password--eyJhbGciOiJIUzI1NiJ9.cmVzZXRwYXNzd29yZEBnbWFpbC5jb20.JIMf_B1vSD4HkX0ZNF6_sHbrqUE47oiFP0a6IXWTfkY {"timestamp":"2022-01-19T17:45:07.127Z"}
info: Token for Reset password--eyJhbGciOiJIUzI1NiJ9.cmVzZXRwYXNzd29yZEBnbWFpbC5jb20.JIMf_B1vSD4HkX0ZNF6_sHbrqUE47oiFP0a6IXWTfkY {"timestamp":"2022-01-19T17:45:11.941Z"}
info: Token for Reset password--eyJhbGciOiJIUzI1NiJ9.cmVzZXRwYXNzd29yZEBnbWFpbC5jb20.JIMf_B1vSD4HkX0ZNF6_sHbrqUE47oiFP0a6IXWTfkY {"timestamp":"2022-01-19T17:45:16.528Z"}
info: Token for Reset password--eyJhbGciOiJIUzI1NiJ9.cmVzZXRwYXNzd29yZEBnbWFpbC5jb20.JIMf_B1vSD4HkX0ZNF6_sHbrqUE47oiFP0a6IXWTfkY {"timestamp":"2022-01-19T17:45:20.326Z"}
info: Login token  eyJhbGciOiJIUzI1NiIsInR5cCI6IkpXVCJ9.eyJpZCI6IjYxZTNjMTgyM2U5ODNmMTk3MDFiZDhlNCIsImVtYWlsIjoiZnJ1aXRzQGdtYWlsLmNvbSIsImlhdCI6MTY0MjYxNDMyNH0.baX7VcZwUDJeMB5g9FmPDpAH2oGn_SuP60PaElxpHTI {"timestamp":"2022-01-19T17:45:24.776Z"}
info: Login token  eyJhbGciOiJIUzI1NiIsInR5cCI6IkpXVCJ9.eyJpZCI6IjYxZTNjMTgyM2U5ODNmMTk3MDFiZDhlNCIsImVtYWlsIjoiZnJ1aXRzQGdtYWlsLmNvbSIsImlhdCI6MTY0MjYxNDMyNH0.baX7VcZwUDJeMB5g9FmPDpAH2oGn_SuP60PaElxpHTI {"timestamp":"2022-01-19T17:45:24.958Z"}
info: Login token  eyJhbGciOiJIUzI1NiIsInR5cCI6IkpXVCJ9.eyJpZCI6IjYxZTNjMTgyM2U5ODNmMTk3MDFiZDhlNCIsImVtYWlsIjoiZnJ1aXRzQGdtYWlsLmNvbSIsImlhdCI6MTY0MjYxNDMyNX0.Z97VuJaOgT6E7h5rgQFPXrSibSCjgHsPvZJ1rwnsWmk {"timestamp":"2022-01-19T17:45:25.127Z"}
info: Login token  eyJhbGciOiJIUzI1NiIsInR5cCI6IkpXVCJ9.eyJpZCI6IjYxZTNjMTgyM2U5ODNmMTk3MDFiZDhlNCIsImVtYWlsIjoiZnJ1aXRzQGdtYWlsLmNvbSIsImlhdCI6MTY0MjYxNDMyNX0.Z97VuJaOgT6E7h5rgQFPXrSibSCjgHsPvZJ1rwnsWmk {"timestamp":"2022-01-19T17:45:25.298Z"}
info: Login token  eyJhbGciOiJIUzI1NiIsInR5cCI6IkpXVCJ9.eyJpZCI6IjYxZTNjMTgyM2U5ODNmMTk3MDFiZDhlNCIsImVtYWlsIjoiZnJ1aXRzQGdtYWlsLmNvbSIsImlhdCI6MTY0MjYxNDMyNX0.Z97VuJaOgT6E7h5rgQFPXrSibSCjgHsPvZJ1rwnsWmk {"timestamp":"2022-01-19T17:45:25.473Z"}
info: Login token  eyJhbGciOiJIUzI1NiIsInR5cCI6IkpXVCJ9.eyJpZCI6IjYxZTNjMTgyM2U5ODNmMTk3MDFiZDhlNCIsImVtYWlsIjoiZnJ1aXRzQGdtYWlsLmNvbSIsImlhdCI6MTY0MjYxNDMyNX0.Z97VuJaOgT6E7h5rgQFPXrSibSCjgHsPvZJ1rwnsWmk {"timestamp":"2022-01-19T17:45:25.638Z"}
info: Login token  eyJhbGciOiJIUzI1NiIsInR5cCI6IkpXVCJ9.eyJpZCI6IjYxZTNjMTgyM2U5ODNmMTk3MDFiZDhlNCIsImVtYWlsIjoiZnJ1aXRzQGdtYWlsLmNvbSIsImlhdCI6MTY0MjYxNDMyNX0.Z97VuJaOgT6E7h5rgQFPXrSibSCjgHsPvZJ1rwnsWmk {"timestamp":"2022-01-19T17:45:25.811Z"}
info: Server started at http://localhost:3000/api/v1/ {"timestamp":"2022-01-19T17:55:08.893Z"}
info: Connected to the database. {"timestamp":"2022-01-19T17:55:08.946Z"}
info: Server started at http://localhost:3000/api/v1/ {"timestamp":"2022-01-19T17:58:51.722Z"}
info: Connected to the database. {"timestamp":"2022-01-19T17:58:51.793Z"}
info: Server started at http://localhost:3000/api/v1/ {"timestamp":"2022-01-19T18:03:33.155Z"}
info: Connected to the database. {"timestamp":"2022-01-19T18:03:33.219Z"}
info: Server started at http://localhost:3000/api/v1/ {"timestamp":"2022-01-19T18:08:10.845Z"}
info: Connected to the database. {"timestamp":"2022-01-19T18:08:10.898Z"}
info: Server started at http://localhost:3000/api/v1/ {"timestamp":"2022-01-19T18:11:14.413Z"}
info: Connected to the database. {"timestamp":"2022-01-19T18:11:14.480Z"}
info: Server started at http://localhost:3000/api/v1/ {"timestamp":"2022-01-19T18:11:34.233Z"}
info: Connected to the database. {"timestamp":"2022-01-19T18:11:34.291Z"}
info: Server started at http://localhost:3000/api/v1/ {"timestamp":"2022-01-19T18:15:26.586Z"}
info: Connected to the database. {"timestamp":"2022-01-19T18:15:26.650Z"}
info: Server started at http://localhost:3000/api/v1/ {"timestamp":"2022-01-19T18:15:52.730Z"}
info: Connected to the database. {"timestamp":"2022-01-19T18:15:52.800Z"}
info: Login token  eyJhbGciOiJIUzI1NiIsInR5cCI6IkpXVCJ9.eyJpZCI6IjYxZTNjMTgyM2U5ODNmMTk3MDFiZDhlNCIsImVtYWlsIjoiZnJ1aXRzQGdtYWlsLmNvbSIsImlhdCI6MTY0MjYxNjE1M30.cWT7kzFnDte4p7vD6335vc16NWQ14bxj9IE2c8VlZzs {"timestamp":"2022-01-19T18:15:53.361Z"}
info: Token for Reset password--eyJhbGciOiJIUzI1NiJ9.cmVzZXRwYXNzd29yZEBnbWFpbC5jb20.JIMf_B1vSD4HkX0ZNF6_sHbrqUE47oiFP0a6IXWTfkY {"timestamp":"2022-01-19T18:15:53.403Z"}
info: Token for Reset password--eyJhbGciOiJIUzI1NiJ9.cmVzZXRwYXNzd29yZEBnbWFpbC5jb20.JIMf_B1vSD4HkX0ZNF6_sHbrqUE47oiFP0a6IXWTfkY {"timestamp":"2022-01-19T18:16:07.714Z"}
info: Token for Reset password--eyJhbGciOiJIUzI1NiJ9.cmVzZXRwYXNzd29yZEBnbWFpbC5jb20.JIMf_B1vSD4HkX0ZNF6_sHbrqUE47oiFP0a6IXWTfkY {"timestamp":"2022-01-19T18:16:13.039Z"}
info: Token for Reset password--eyJhbGciOiJIUzI1NiJ9.cmVzZXRwYXNzd29yZEBnbWFpbC5jb20.JIMf_B1vSD4HkX0ZNF6_sHbrqUE47oiFP0a6IXWTfkY {"timestamp":"2022-01-19T18:16:16.706Z"}
info: Login token  eyJhbGciOiJIUzI1NiIsInR5cCI6IkpXVCJ9.eyJpZCI6IjYxZTNjMTgyM2U5ODNmMTk3MDFiZDhlNCIsImVtYWlsIjoiZnJ1aXRzQGdtYWlsLmNvbSIsImlhdCI6MTY0MjYxNjE4MX0.3BanSNzNH_6TIx-Ds2kg-SsxluotenTR-xESGpaU0Ac {"timestamp":"2022-01-19T18:16:21.153Z"}
info: Login token  eyJhbGciOiJIUzI1NiIsInR5cCI6IkpXVCJ9.eyJpZCI6IjYxZTNjMTgyM2U5ODNmMTk3MDFiZDhlNCIsImVtYWlsIjoiZnJ1aXRzQGdtYWlsLmNvbSIsImlhdCI6MTY0MjYxNjE4MX0.3BanSNzNH_6TIx-Ds2kg-SsxluotenTR-xESGpaU0Ac {"timestamp":"2022-01-19T18:16:21.337Z"}
info: Login token  eyJhbGciOiJIUzI1NiIsInR5cCI6IkpXVCJ9.eyJpZCI6IjYxZTNjMTgyM2U5ODNmMTk3MDFiZDhlNCIsImVtYWlsIjoiZnJ1aXRzQGdtYWlsLmNvbSIsImlhdCI6MTY0MjYxNjE4MX0.3BanSNzNH_6TIx-Ds2kg-SsxluotenTR-xESGpaU0Ac {"timestamp":"2022-01-19T18:16:21.506Z"}
info: Login token  eyJhbGciOiJIUzI1NiIsInR5cCI6IkpXVCJ9.eyJpZCI6IjYxZTNjMTgyM2U5ODNmMTk3MDFiZDhlNCIsImVtYWlsIjoiZnJ1aXRzQGdtYWlsLmNvbSIsImlhdCI6MTY0MjYxNjE4MX0.3BanSNzNH_6TIx-Ds2kg-SsxluotenTR-xESGpaU0Ac {"timestamp":"2022-01-19T18:16:21.684Z"}
info: Login token  eyJhbGciOiJIUzI1NiIsInR5cCI6IkpXVCJ9.eyJpZCI6IjYxZTNjMTgyM2U5ODNmMTk3MDFiZDhlNCIsImVtYWlsIjoiZnJ1aXRzQGdtYWlsLmNvbSIsImlhdCI6MTY0MjYxNjE4MX0.3BanSNzNH_6TIx-Ds2kg-SsxluotenTR-xESGpaU0Ac {"timestamp":"2022-01-19T18:16:21.857Z"}
info: Login token  eyJhbGciOiJIUzI1NiIsInR5cCI6IkpXVCJ9.eyJpZCI6IjYxZTNjMTgyM2U5ODNmMTk3MDFiZDhlNCIsImVtYWlsIjoiZnJ1aXRzQGdtYWlsLmNvbSIsImlhdCI6MTY0MjYxNjE4Mn0.xUCWQMq99ulH-_SVdAY56dpQ_GEZZh0vRDO1h2FZS3g {"timestamp":"2022-01-19T18:16:22.024Z"}
info: Login token  eyJhbGciOiJIUzI1NiIsInR5cCI6IkpXVCJ9.eyJpZCI6IjYxZTNjMTgyM2U5ODNmMTk3MDFiZDhlNCIsImVtYWlsIjoiZnJ1aXRzQGdtYWlsLmNvbSIsImlhdCI6MTY0MjYxNjE4Mn0.xUCWQMq99ulH-_SVdAY56dpQ_GEZZh0vRDO1h2FZS3g {"timestamp":"2022-01-19T18:16:22.200Z"}
info: Login token  eyJhbGciOiJIUzI1NiIsInR5cCI6IkpXVCJ9.eyJpZCI6IjYxZTNjMTgyM2U5ODNmMTk3MDFiZDhlNCIsImVtYWlsIjoiZnJ1aXRzQGdtYWlsLmNvbSIsImlhdCI6MTY0MjYxNjE4Mn0.xUCWQMq99ulH-_SVdAY56dpQ_GEZZh0vRDO1h2FZS3g {"timestamp":"2022-01-19T18:16:22.366Z"}
info: Login token  eyJhbGciOiJIUzI1NiIsInR5cCI6IkpXVCJ9.eyJpZCI6IjYxZTNjMTgyM2U5ODNmMTk3MDFiZDhlNCIsImVtYWlsIjoiZnJ1aXRzQGdtYWlsLmNvbSIsImlhdCI6MTY0MjYxNjE4Mn0.xUCWQMq99ulH-_SVdAY56dpQ_GEZZh0vRDO1h2FZS3g {"timestamp":"2022-01-19T18:16:22.548Z"}
info: Server started at http://localhost:3000/api/v1/ {"timestamp":"2022-01-19T18:19:34.202Z"}
info: Connected to the database. {"timestamp":"2022-01-19T18:19:34.255Z"}
info: Server started at http://localhost:3000/api/v1/ {"timestamp":"2022-01-19T18:24:05.993Z"}
info: Connected to the database. {"timestamp":"2022-01-19T18:24:06.052Z"}
info: Login token  eyJhbGciOiJIUzI1NiIsInR5cCI6IkpXVCJ9.eyJpZCI6IjYxZTNjMTgyM2U5ODNmMTk3MDFiZDhlNCIsImVtYWlsIjoiZnJ1aXRzQGdtYWlsLmNvbSIsImlhdCI6MTY0MjYxNjY0Nn0.NPPGnezZ5EMnWvD0bA04rEr-zjMNDmkbicqOpGJErc8 {"timestamp":"2022-01-19T18:24:06.612Z"}
info: Token for Reset password--eyJhbGciOiJIUzI1NiJ9.cmVzZXRwYXNzd29yZEBnbWFpbC5jb20.JIMf_B1vSD4HkX0ZNF6_sHbrqUE47oiFP0a6IXWTfkY {"timestamp":"2022-01-19T18:24:06.648Z"}
info: Token for Reset password--eyJhbGciOiJIUzI1NiJ9.cmVzZXRwYXNzd29yZEBnbWFpbC5jb20.JIMf_B1vSD4HkX0ZNF6_sHbrqUE47oiFP0a6IXWTfkY {"timestamp":"2022-01-19T18:24:12.526Z"}
info: Token for Reset password--eyJhbGciOiJIUzI1NiJ9.cmVzZXRwYXNzd29yZEBnbWFpbC5jb20.JIMf_B1vSD4HkX0ZNF6_sHbrqUE47oiFP0a6IXWTfkY {"timestamp":"2022-01-19T18:24:16.199Z"}
info: Token for Reset password--eyJhbGciOiJIUzI1NiJ9.cmVzZXRwYXNzd29yZEBnbWFpbC5jb20.JIMf_B1vSD4HkX0ZNF6_sHbrqUE47oiFP0a6IXWTfkY {"timestamp":"2022-01-19T18:24:20.941Z"}
info: Login token  eyJhbGciOiJIUzI1NiIsInR5cCI6IkpXVCJ9.eyJpZCI6IjYxZTNjMTgyM2U5ODNmMTk3MDFiZDhlNCIsImVtYWlsIjoiZnJ1aXRzQGdtYWlsLmNvbSIsImlhdCI6MTY0MjYxNjY2NX0.mdCIe51G9AjJ5F61sp6cURy6y_Or5QkGmy20DAxFKcY {"timestamp":"2022-01-19T18:24:25.094Z"}
info: Login token  eyJhbGciOiJIUzI1NiIsInR5cCI6IkpXVCJ9.eyJpZCI6IjYxZTNjMTgyM2U5ODNmMTk3MDFiZDhlNCIsImVtYWlsIjoiZnJ1aXRzQGdtYWlsLmNvbSIsImlhdCI6MTY0MjYxNjY2NX0.mdCIe51G9AjJ5F61sp6cURy6y_Or5QkGmy20DAxFKcY {"timestamp":"2022-01-19T18:24:25.267Z"}
info: Login token  eyJhbGciOiJIUzI1NiIsInR5cCI6IkpXVCJ9.eyJpZCI6IjYxZTNjMTgyM2U5ODNmMTk3MDFiZDhlNCIsImVtYWlsIjoiZnJ1aXRzQGdtYWlsLmNvbSIsImlhdCI6MTY0MjYxNjY2NX0.mdCIe51G9AjJ5F61sp6cURy6y_Or5QkGmy20DAxFKcY {"timestamp":"2022-01-19T18:24:25.436Z"}
info: Login token  eyJhbGciOiJIUzI1NiIsInR5cCI6IkpXVCJ9.eyJpZCI6IjYxZTNjMTgyM2U5ODNmMTk3MDFiZDhlNCIsImVtYWlsIjoiZnJ1aXRzQGdtYWlsLmNvbSIsImlhdCI6MTY0MjYxNjY2NX0.mdCIe51G9AjJ5F61sp6cURy6y_Or5QkGmy20DAxFKcY {"timestamp":"2022-01-19T18:24:25.611Z"}
info: Login token  eyJhbGciOiJIUzI1NiIsInR5cCI6IkpXVCJ9.eyJpZCI6IjYxZTNjMTgyM2U5ODNmMTk3MDFiZDhlNCIsImVtYWlsIjoiZnJ1aXRzQGdtYWlsLmNvbSIsImlhdCI6MTY0MjYxNjY2NX0.mdCIe51G9AjJ5F61sp6cURy6y_Or5QkGmy20DAxFKcY {"timestamp":"2022-01-19T18:24:25.787Z"}
info: Login token  eyJhbGciOiJIUzI1NiIsInR5cCI6IkpXVCJ9.eyJpZCI6IjYxZTNjMTgyM2U5ODNmMTk3MDFiZDhlNCIsImVtYWlsIjoiZnJ1aXRzQGdtYWlsLmNvbSIsImlhdCI6MTY0MjYxNjY2NX0.mdCIe51G9AjJ5F61sp6cURy6y_Or5QkGmy20DAxFKcY {"timestamp":"2022-01-19T18:24:25.953Z"}
info: Login token  eyJhbGciOiJIUzI1NiIsInR5cCI6IkpXVCJ9.eyJpZCI6IjYxZTNjMTgyM2U5ODNmMTk3MDFiZDhlNCIsImVtYWlsIjoiZnJ1aXRzQGdtYWlsLmNvbSIsImlhdCI6MTY0MjYxNjY2Nn0.UxbNwPw7OvDxZMVgBWmbThQX2UyutrR8OlIRQO7M1-8 {"timestamp":"2022-01-19T18:24:26.128Z"}
info: Login token  eyJhbGciOiJIUzI1NiIsInR5cCI6IkpXVCJ9.eyJpZCI6IjYxZTNjMTgyM2U5ODNmMTk3MDFiZDhlNCIsImVtYWlsIjoiZnJ1aXRzQGdtYWlsLmNvbSIsImlhdCI6MTY0MjYxNjY2Nn0.UxbNwPw7OvDxZMVgBWmbThQX2UyutrR8OlIRQO7M1-8 {"timestamp":"2022-01-19T18:24:26.295Z"}
info: Login token  eyJhbGciOiJIUzI1NiIsInR5cCI6IkpXVCJ9.eyJpZCI6IjYxZTNjMTgyM2U5ODNmMTk3MDFiZDhlNCIsImVtYWlsIjoiZnJ1aXRzQGdtYWlsLmNvbSIsImlhdCI6MTY0MjYxNjY2Nn0.UxbNwPw7OvDxZMVgBWmbThQX2UyutrR8OlIRQO7M1-8 {"timestamp":"2022-01-19T18:24:26.476Z"}
