info: ::1 - - [08/Jan/2022:07:07:45 +0000] "GET / HTTP/1.1" 404 47 "-" "Mozilla/5.0 (Windows NT 6.3; Win64; x64) AppleWebKit/537.36 (KHTML, like Gecko) Chrome/97.0.4692.71 Safari/537.36"

info: ::1 - - [08/Jan/2022:07:07:45 +0000] "GET /favicon.ico HTTP/1.1" 404 47 "-" "Mozilla/5.0 (Windows NT 6.3; Win64; x64) AppleWebKit/537.36 (KHTML, like Gecko) Chrome/97.0.4692.71 Safari/537.36"

error: uncaughtException: appErrorHandler is not defined
ReferenceError: appErrorHandler is not defined
    at Object.<anonymous> (E:\CFP_BZ\Fundoo_Notes\src\/index.js:33:9)
    at Module._compile (internal/modules/cjs/loader.js:1085:14)
    at Module._compile (E:\CFP_BZ\Fundoo_Notes\node_modules\pirates\lib\index.js:136:24)
    at Module._extensions..js (internal/modules/cjs/loader.js:1114:10)
    at Object.newLoader [as .js] (E:\CFP_BZ\Fundoo_Notes\node_modules\pirates\lib\index.js:141:7)
    at Module.load (internal/modules/cjs/loader.js:950:32)
    at Function.Module._load (internal/modules/cjs/loader.js:790:14)
    at Function.executeUserEntryPoint [as runMain] (internal/modules/run_main.js:76:12)
    at Object.<anonymous> (E:\CFP_BZ\Fundoo_Notes\node_modules\@babel\node\lib\_babel-node.js:176:21)
    at Module._compile (internal/modules/cjs/loader.js:1085:14) {"date":"Sat Jan 08 2022 12:40:22 GMT+0530 (India Standard Time)","error":{},"exception":true,"os":{"loadavg":[0,0,0],"uptime":83421},"process":{"argv":["node","E:\\CFP_BZ\\Fundoo_Notes\\src\\index.js"],"cwd":"E:\\CFP_BZ\\Fundoo_Notes","execPath":"C:\\Program Files\\nodejs\\node.exe","gid":null,"memoryUsage":{"arrayBuffers":19046624,"external":21270150,"heapTotal":75649024,"heapUsed":52859608,"rss":105095168},"pid":8404,"uid":null,"version":"v14.17.3"},"stack":"ReferenceError: appErrorHandler is not defined\n    at Object.<anonymous> (E:\\CFP_BZ\\Fundoo_Notes\\src\\/index.js:33:9)\n    at Module._compile (internal/modules/cjs/loader.js:1085:14)\n    at Module._compile (E:\\CFP_BZ\\Fundoo_Notes\\node_modules\\pirates\\lib\\index.js:136:24)\n    at Module._extensions..js (internal/modules/cjs/loader.js:1114:10)\n    at Object.newLoader [as .js] (E:\\CFP_BZ\\Fundoo_Notes\\node_modules\\pirates\\lib\\index.js:141:7)\n    at Module.load (internal/modules/cjs/loader.js:950:32)\n    at Function.Module._load (internal/modules/cjs/loader.js:790:14)\n    at Function.executeUserEntryPoint [as runMain] (internal/modules/run_main.js:76:12)\n    at Object.<anonymous> (E:\\CFP_BZ\\Fundoo_Notes\\node_modules\\@babel\\node\\lib\\_babel-node.js:176:21)\n    at Module._compile (internal/modules/cjs/loader.js:1085:14)","trace":[{"column":9,"file":"E:\\CFP_BZ\\Fundoo_Notes\\src\\/index.js","function":null,"line":33,"method":null,"native":false},{"column":14,"file":"internal/modules/cjs/loader.js","function":"Module._compile","line":1085,"method":"_compile","native":false},{"column":24,"file":"E:\\CFP_BZ\\Fundoo_Notes\\node_modules\\pirates\\lib\\index.js","function":"Module._compile","line":136,"method":"_compile","native":false},{"column":10,"file":"internal/modules/cjs/loader.js","function":"Module._extensions..js","line":1114,"method":".js","native":false},{"column":7,"file":"E:\\CFP_BZ\\Fundoo_Notes\\node_modules\\pirates\\lib\\index.js","function":"Object.newLoader [as .js]","line":141,"method":"js]","native":false},{"column":32,"file":"internal/modules/cjs/loader.js","function":"Module.load","line":950,"method":"load","native":false},{"column":14,"file":"internal/modules/cjs/loader.js","function":"Module._load","line":790,"method":"_load","native":false},{"column":12,"file":"internal/modules/run_main.js","function":"Function.executeUserEntryPoint [as runMain]","line":76,"method":"executeUserEntryPoint [as runMain]","native":false},{"column":21,"file":"E:\\CFP_BZ\\Fundoo_Notes\\node_modules\\@babel\\node\\lib\\_babel-node.js","function":null,"line":176,"method":null,"native":false},{"column":14,"file":"internal/modules/cjs/loader.js","function":"Module._compile","line":1085,"method":"_compile","native":false}]}
error: uncaughtException: morgan is not defined
ReferenceError: morgan is not defined
    at Object.<anonymous> (E:\CFP_BZ\Fundoo_Notes\src\/index.js:28:5)
    at Module._compile (internal/modules/cjs/loader.js:1085:14)
    at Module._compile (E:\CFP_BZ\Fundoo_Notes\node_modules\pirates\lib\index.js:136:24)
    at Module._extensions..js (internal/modules/cjs/loader.js:1114:10)
    at Object.newLoader [as .js] (E:\CFP_BZ\Fundoo_Notes\node_modules\pirates\lib\index.js:141:7)
    at Module.load (internal/modules/cjs/loader.js:950:32)
    at Function.Module._load (internal/modules/cjs/loader.js:790:14)
    at Function.executeUserEntryPoint [as runMain] (internal/modules/run_main.js:76:12)
    at Object.<anonymous> (E:\CFP_BZ\Fundoo_Notes\node_modules\@babel\node\lib\_babel-node.js:176:21)
    at Module._compile (internal/modules/cjs/loader.js:1085:14) {"date":"Sat Jan 08 2022 12:53:15 GMT+0530 (India Standard Time)","error":{},"exception":true,"os":{"loadavg":[0,0,0],"uptime":84194},"process":{"argv":["node","E:\\CFP_BZ\\Fundoo_Notes\\src\\index.js"],"cwd":"E:\\CFP_BZ\\Fundoo_Notes","execPath":"C:\\Program Files\\nodejs\\node.exe","gid":null,"memoryUsage":{"arrayBuffers":18966170,"external":21189696,"heapTotal":75911168,"heapUsed":51672696,"rss":105361408},"pid":9116,"uid":null,"version":"v14.17.3"},"stack":"ReferenceError: morgan is not defined\n    at Object.<anonymous> (E:\\CFP_BZ\\Fundoo_Notes\\src\\/index.js:28:5)\n    at Module._compile (internal/modules/cjs/loader.js:1085:14)\n    at Module._compile (E:\\CFP_BZ\\Fundoo_Notes\\node_modules\\pirates\\lib\\index.js:136:24)\n    at Module._extensions..js (internal/modules/cjs/loader.js:1114:10)\n    at Object.newLoader [as .js] (E:\\CFP_BZ\\Fundoo_Notes\\node_modules\\pirates\\lib\\index.js:141:7)\n    at Module.load (internal/modules/cjs/loader.js:950:32)\n    at Function.Module._load (internal/modules/cjs/loader.js:790:14)\n    at Function.executeUserEntryPoint [as runMain] (internal/modules/run_main.js:76:12)\n    at Object.<anonymous> (E:\\CFP_BZ\\Fundoo_Notes\\node_modules\\@babel\\node\\lib\\_babel-node.js:176:21)\n    at Module._compile (internal/modules/cjs/loader.js:1085:14)","trace":[{"column":5,"file":"E:\\CFP_BZ\\Fundoo_Notes\\src\\/index.js","function":null,"line":28,"method":null,"native":false},{"column":14,"file":"internal/modules/cjs/loader.js","function":"Module._compile","line":1085,"method":"_compile","native":false},{"column":24,"file":"E:\\CFP_BZ\\Fundoo_Notes\\node_modules\\pirates\\lib\\index.js","function":"Module._compile","line":136,"method":"_compile","native":false},{"column":10,"file":"internal/modules/cjs/loader.js","function":"Module._extensions..js","line":1114,"method":".js","native":false},{"column":7,"file":"E:\\CFP_BZ\\Fundoo_Notes\\node_modules\\pirates\\lib\\index.js","function":"Object.newLoader [as .js]","line":141,"method":"js]","native":false},{"column":32,"file":"internal/modules/cjs/loader.js","function":"Module.load","line":950,"method":"load","native":false},{"column":14,"file":"internal/modules/cjs/loader.js","function":"Module._load","line":790,"method":"_load","native":false},{"column":12,"file":"internal/modules/run_main.js","function":"Function.executeUserEntryPoint [as runMain]","line":76,"method":"executeUserEntryPoint [as runMain]","native":false},{"column":21,"file":"E:\\CFP_BZ\\Fundoo_Notes\\node_modules\\@babel\\node\\lib\\_babel-node.js","function":null,"line":176,"method":null,"native":false},{"column":14,"file":"internal/modules/cjs/loader.js","function":"Module._compile","line":1085,"method":"_compile","native":false}]}
error: uncaughtException: listen EADDRINUSE: address already in use :::3000
Error: listen EADDRINUSE: address already in use :::3000
    at Server.setupListenHandle [as _listen2] (net.js:1320:16)
    at listenInCluster (net.js:1368:12)
    at Server.listen (net.js:1454:7)
    at Function.listen (E:\CFP_BZ\Fundoo_Notes\node_modules\express\lib\application.js:618:24)
    at Object.<anonymous> (E:\CFP_BZ\Fundoo_Notes\src\/index.js:37:5)
    at Module._compile (internal/modules/cjs/loader.js:1085:14)
    at Module._compile (E:\CFP_BZ\Fundoo_Notes\node_modules\pirates\lib\index.js:136:24)
    at Module._extensions..js (internal/modules/cjs/loader.js:1114:10)
    at Object.newLoader [as .js] (E:\CFP_BZ\Fundoo_Notes\node_modules\pirates\lib\index.js:141:7)
    at Module.load (internal/modules/cjs/loader.js:950:32) {"date":"Sat Jan 08 2022 14:00:09 GMT+0530 (India Standard Time)","error":{"address":"::","code":"EADDRINUSE","errno":-4091,"port":3000,"syscall":"listen"},"exception":true,"os":{"loadavg":[0,0,0],"uptime":88208},"process":{"argv":["node","E:\\CFP_BZ\\Fundoo_Notes\\src\\index.js"],"cwd":"E:\\CFP_BZ\\Fundoo_Notes","execPath":"C:\\Program Files\\nodejs\\node.exe","gid":null,"memoryUsage":{"arrayBuffers":19023581,"external":21266390,"heapTotal":75911168,"heapUsed":51262008,"rss":105779200},"pid":5892,"uid":null,"version":"v14.17.3"},"stack":"Error: listen EADDRINUSE: address already in use :::3000\n    at Server.setupListenHandle [as _listen2] (net.js:1320:16)\n    at listenInCluster (net.js:1368:12)\n    at Server.listen (net.js:1454:7)\n    at Function.listen (E:\\CFP_BZ\\Fundoo_Notes\\node_modules\\express\\lib\\application.js:618:24)\n    at Object.<anonymous> (E:\\CFP_BZ\\Fundoo_Notes\\src\\/index.js:37:5)\n    at Module._compile (internal/modules/cjs/loader.js:1085:14)\n    at Module._compile (E:\\CFP_BZ\\Fundoo_Notes\\node_modules\\pirates\\lib\\index.js:136:24)\n    at Module._extensions..js (internal/modules/cjs/loader.js:1114:10)\n    at Object.newLoader [as .js] (E:\\CFP_BZ\\Fundoo_Notes\\node_modules\\pirates\\lib\\index.js:141:7)\n    at Module.load (internal/modules/cjs/loader.js:950:32)","trace":[{"column":16,"file":"net.js","function":"Server.setupListenHandle [as _listen2]","line":1320,"method":"setupListenHandle [as _listen2]","native":false},{"column":12,"file":"net.js","function":"listenInCluster","line":1368,"method":null,"native":false},{"column":7,"file":"net.js","function":"Server.listen","line":1454,"method":"listen","native":false},{"column":24,"file":"E:\\CFP_BZ\\Fundoo_Notes\\node_modules\\express\\lib\\application.js","function":"Function.listen","line":618,"method":"listen","native":false},{"column":5,"file":"E:\\CFP_BZ\\Fundoo_Notes\\src\\/index.js","function":null,"line":37,"method":null,"native":false},{"column":14,"file":"internal/modules/cjs/loader.js","function":"Module._compile","line":1085,"method":"_compile","native":false},{"column":24,"file":"E:\\CFP_BZ\\Fundoo_Notes\\node_modules\\pirates\\lib\\index.js","function":"Module._compile","line":136,"method":"_compile","native":false},{"column":10,"file":"internal/modules/cjs/loader.js","function":"Module._extensions..js","line":1114,"method":".js","native":false},{"column":7,"file":"E:\\CFP_BZ\\Fundoo_Notes\\node_modules\\pirates\\lib\\index.js","function":"Object.newLoader [as .js]","line":141,"method":"js]","native":false},{"column":32,"file":"internal/modules/cjs/loader.js","function":"Module.load","line":950,"method":"load","native":false}]}
error: uncaughtException: listen EADDRINUSE: address already in use :::3000
Error: listen EADDRINUSE: address already in use :::3000
    at Server.setupListenHandle [as _listen2] (net.js:1320:16)
    at listenInCluster (net.js:1368:12)
    at Server.listen (net.js:1454:7)
    at Function.listen (E:\CFP_BZ\Fundoo_Notes\node_modules\express\lib\application.js:618:24)
    at Object.<anonymous> (E:\CFP_BZ\Fundoo_Notes\src\/index.js:37:5)
    at Module._compile (internal/modules/cjs/loader.js:1085:14)
    at Module._compile (E:\CFP_BZ\Fundoo_Notes\node_modules\pirates\lib\index.js:136:24)
    at Module._extensions..js (internal/modules/cjs/loader.js:1114:10)
    at Object.newLoader [as .js] (E:\CFP_BZ\Fundoo_Notes\node_modules\pirates\lib\index.js:141:7)
    at Module.load (internal/modules/cjs/loader.js:950:32) {"date":"Mon Jan 10 2022 21:48:37 GMT+0530 (India Standard Time)","error":{"address":"::","code":"EADDRINUSE","errno":-4091,"port":3000,"syscall":"listen"},"exception":true,"os":{"loadavg":[0,0,0],"uptime":15284},"process":{"argv":["node","E:\\CFP_BZ\\Fundoo_Notes\\src\\index.js"],"cwd":"E:\\CFP_BZ\\Fundoo_Notes","execPath":"C:\\Program Files\\nodejs\\node.exe","gid":null,"memoryUsage":{"arrayBuffers":18527484,"external":20770293,"heapTotal":79884288,"heapUsed":38968712,"rss":109035520},"pid":5808,"uid":null,"version":"v14.17.3"},"stack":"Error: listen EADDRINUSE: address already in use :::3000\n    at Server.setupListenHandle [as _listen2] (net.js:1320:16)\n    at listenInCluster (net.js:1368:12)\n    at Server.listen (net.js:1454:7)\n    at Function.listen (E:\\CFP_BZ\\Fundoo_Notes\\node_modules\\express\\lib\\application.js:618:24)\n    at Object.<anonymous> (E:\\CFP_BZ\\Fundoo_Notes\\src\\/index.js:37:5)\n    at Module._compile (internal/modules/cjs/loader.js:1085:14)\n    at Module._compile (E:\\CFP_BZ\\Fundoo_Notes\\node_modules\\pirates\\lib\\index.js:136:24)\n    at Module._extensions..js (internal/modules/cjs/loader.js:1114:10)\n    at Object.newLoader [as .js] (E:\\CFP_BZ\\Fundoo_Notes\\node_modules\\pirates\\lib\\index.js:141:7)\n    at Module.load (internal/modules/cjs/loader.js:950:32)","trace":[{"column":16,"file":"net.js","function":"Server.setupListenHandle [as _listen2]","line":1320,"method":"setupListenHandle [as _listen2]","native":false},{"column":12,"file":"net.js","function":"listenInCluster","line":1368,"method":null,"native":false},{"column":7,"file":"net.js","function":"Server.listen","line":1454,"method":"listen","native":false},{"column":24,"file":"E:\\CFP_BZ\\Fundoo_Notes\\node_modules\\express\\lib\\application.js","function":"Function.listen","line":618,"method":"listen","native":false},{"column":5,"file":"E:\\CFP_BZ\\Fundoo_Notes\\src\\/index.js","function":null,"line":37,"method":null,"native":false},{"column":14,"file":"internal/modules/cjs/loader.js","function":"Module._compile","line":1085,"method":"_compile","native":false},{"column":24,"file":"E:\\CFP_BZ\\Fundoo_Notes\\node_modules\\pirates\\lib\\index.js","function":"Module._compile","line":136,"method":"_compile","native":false},{"column":10,"file":"internal/modules/cjs/loader.js","function":"Module._extensions..js","line":1114,"method":".js","native":false},{"column":7,"file":"E:\\CFP_BZ\\Fundoo_Notes\\node_modules\\pirates\\lib\\index.js","function":"Object.newLoader [as .js]","line":141,"method":"js]","native":false},{"column":32,"file":"internal/modules/cjs/loader.js","function":"Module.load","line":950,"method":"load","native":false}]}
error: uncaughtException: listen EADDRINUSE: address already in use :::3000
Error: listen EADDRINUSE: address already in use :::3000
    at Server.setupListenHandle [as _listen2] (net.js:1320:16)
    at listenInCluster (net.js:1368:12)
    at Server.listen (net.js:1454:7)
    at Function.listen (E:\CFP_BZ\Fundoo_Notes\node_modules\express\lib\application.js:618:24)
    at Object.<anonymous> (E:\CFP_BZ\Fundoo_Notes\src\/index.js:37:5)
    at Module._compile (internal/modules/cjs/loader.js:1085:14)
    at Module._compile (E:\CFP_BZ\Fundoo_Notes\node_modules\pirates\lib\index.js:136:24)
    at Module._extensions..js (internal/modules/cjs/loader.js:1114:10)
    at Object.newLoader [as .js] (E:\CFP_BZ\Fundoo_Notes\node_modules\pirates\lib\index.js:141:7)
    at Module.load (internal/modules/cjs/loader.js:950:32) {"date":"Mon Jan 10 2022 21:49:38 GMT+0530 (India Standard Time)","error":{"address":"::","code":"EADDRINUSE","errno":-4091,"port":3000,"syscall":"listen"},"exception":true,"os":{"loadavg":[0,0,0],"uptime":15344},"process":{"argv":["node","E:\\CFP_BZ\\Fundoo_Notes\\src\\index.js"],"cwd":"E:\\CFP_BZ\\Fundoo_Notes","execPath":"C:\\Program Files\\nodejs\\node.exe","gid":null,"memoryUsage":{"arrayBuffers":19110355,"external":21353164,"heapTotal":76345344,"heapUsed":56166320,"rss":107208704},"pid":6824,"uid":null,"version":"v14.17.3"},"stack":"Error: listen EADDRINUSE: address already in use :::3000\n    at Server.setupListenHandle [as _listen2] (net.js:1320:16)\n    at listenInCluster (net.js:1368:12)\n    at Server.listen (net.js:1454:7)\n    at Function.listen (E:\\CFP_BZ\\Fundoo_Notes\\node_modules\\express\\lib\\application.js:618:24)\n    at Object.<anonymous> (E:\\CFP_BZ\\Fundoo_Notes\\src\\/index.js:37:5)\n    at Module._compile (internal/modules/cjs/loader.js:1085:14)\n    at Module._compile (E:\\CFP_BZ\\Fundoo_Notes\\node_modules\\pirates\\lib\\index.js:136:24)\n    at Module._extensions..js (internal/modules/cjs/loader.js:1114:10)\n    at Object.newLoader [as .js] (E:\\CFP_BZ\\Fundoo_Notes\\node_modules\\pirates\\lib\\index.js:141:7)\n    at Module.load (internal/modules/cjs/loader.js:950:32)","trace":[{"column":16,"file":"net.js","function":"Server.setupListenHandle [as _listen2]","line":1320,"method":"setupListenHandle [as _listen2]","native":false},{"column":12,"file":"net.js","function":"listenInCluster","line":1368,"method":null,"native":false},{"column":7,"file":"net.js","function":"Server.listen","line":1454,"method":"listen","native":false},{"column":24,"file":"E:\\CFP_BZ\\Fundoo_Notes\\node_modules\\express\\lib\\application.js","function":"Function.listen","line":618,"method":"listen","native":false},{"column":5,"file":"E:\\CFP_BZ\\Fundoo_Notes\\src\\/index.js","function":null,"line":37,"method":null,"native":false},{"column":14,"file":"internal/modules/cjs/loader.js","function":"Module._compile","line":1085,"method":"_compile","native":false},{"column":24,"file":"E:\\CFP_BZ\\Fundoo_Notes\\node_modules\\pirates\\lib\\index.js","function":"Module._compile","line":136,"method":"_compile","native":false},{"column":10,"file":"internal/modules/cjs/loader.js","function":"Module._extensions..js","line":1114,"method":".js","native":false},{"column":7,"file":"E:\\CFP_BZ\\Fundoo_Notes\\node_modules\\pirates\\lib\\index.js","function":"Object.newLoader [as .js]","line":141,"method":"js]","native":false},{"column":32,"file":"internal/modules/cjs/loader.js","function":"Module.load","line":950,"method":"load","native":false}]}
error: uncaughtException: Router.use() requires a middleware function but got a Object
TypeError: Router.use() requires a middleware function but got a Object
    at Function.use (E:\CFP_BZ\Fundoo_Notes\node_modules\express\lib\router\index.js:464:13)
    at routes (E:\CFP_BZ\Fundoo_Notes\src\routes\/index.js:16:10)
    at Object.<anonymous> (E:\CFP_BZ\Fundoo_Notes\src\/index.js:32:32)
    at Module._compile (internal/modules/cjs/loader.js:1085:14)
    at Module._compile (E:\CFP_BZ\Fundoo_Notes\node_modules\pirates\lib\index.js:136:24)
    at Module._extensions..js (internal/modules/cjs/loader.js:1114:10)
    at Object.newLoader [as .js] (E:\CFP_BZ\Fundoo_Notes\node_modules\pirates\lib\index.js:141:7)
    at Module.load (internal/modules/cjs/loader.js:950:32) {"date":"Tue Jan 11 2022 13:25:48 GMT+0530 (India Standard Time)","error":{},"exception":true,"os":{"loadavg":[0,0,0],"uptime":6680},"process":{"argv":["node","E:\\CFP_BZ\\Fundoo_Notes\\src\\index.js"],"cwd":"E:\\CFP_BZ\\Fundoo_Notes","execPath":"C:\\Program Files\\nodejs\\node.exe","gid":null,"memoryUsage":{"arrayBuffers":18536438,"external":20759964,"heapTotal":80146432,"heapUsed":38992328,"rss":109998080},"pid":6168,"uid":null,"version":"v14.17.3"},"stack":"TypeError: Router.use() requires a middleware function but got a Object\n    at Function.use (E:\\CFP_BZ\\Fundoo_Notes\\node_modules\\express\\lib\\router\\index.js:464:13)\n    at routes (E:\\CFP_BZ\\Fundoo_Notes\\src\\routes\\/index.js:16:10)\n    at Object.<anonymous> (E:\\CFP_BZ\\Fundoo_Notes\\src\\/index.js:32:32)\n    at Module._compile (internal/modules/cjs/loader.js:1085:14)\n    at Module._compile (E:\\CFP_BZ\\Fundoo_Notes\\node_modules\\pirates\\lib\\index.js:136:24)\n    at Module._extensions..js (internal/modules/cjs/loader.js:1114:10)\n    at Object.newLoader [as .js] (E:\\CFP_BZ\\Fundoo_Notes\\node_modules\\pirates\\lib\\index.js:141:7)\n    at Module.load (internal/modules/cjs/loader.js:950:32)","trace":[{"column":13,"file":"E:\\CFP_BZ\\Fundoo_Notes\\node_modules\\express\\lib\\router\\index.js","function":"Function.use","line":464,"method":"use","native":false},{"column":10,"file":"E:\\CFP_BZ\\Fundoo_Notes\\src\\routes\\/index.js","function":"routes","line":16,"method":null,"native":false},{"column":32,"file":"E:\\CFP_BZ\\Fundoo_Notes\\src\\/index.js","function":null,"line":32,"method":null,"native":false},{"column":14,"file":"internal/modules/cjs/loader.js","function":"Module._compile","line":1085,"method":"_compile","native":false},{"column":24,"file":"E:\\CFP_BZ\\Fundoo_Notes\\node_modules\\pirates\\lib\\index.js","function":"Module._compile","line":136,"method":"_compile","native":false},{"column":10,"file":"internal/modules/cjs/loader.js","function":"Module._extensions..js","line":1114,"method":".js","native":false},{"column":7,"file":"E:\\CFP_BZ\\Fundoo_Notes\\node_modules\\pirates\\lib\\index.js","function":"Object.newLoader [as .js]","line":141,"method":"js]","native":false},{"column":32,"file":"internal/modules/cjs/loader.js","function":"Module.load","line":950,"method":"load","native":false}]}
error: uncaughtException: Router.use() requires a middleware function but got a Object
TypeError: Router.use() requires a middleware function but got a Object
    at Function.use (E:\CFP_BZ\Fundoo_Notes\node_modules\express\lib\router\index.js:464:13)
    at routes (E:\CFP_BZ\Fundoo_Notes\src\routes\/index.js:16:10)
    at Object.<anonymous> (E:\CFP_BZ\Fundoo_Notes\src\/index.js:32:32)
    at Module._compile (internal/modules/cjs/loader.js:1085:14)
    at Module._compile (E:\CFP_BZ\Fundoo_Notes\node_modules\pirates\lib\index.js:136:24)
    at Module._extensions..js (internal/modules/cjs/loader.js:1114:10)
    at Object.newLoader [as .js] (E:\CFP_BZ\Fundoo_Notes\node_modules\pirates\lib\index.js:141:7)
    at Module.load (internal/modules/cjs/loader.js:950:32) {"date":"Tue Jan 11 2022 13:27:32 GMT+0530 (India Standard Time)","error":{},"exception":true,"os":{"loadavg":[0,0,0],"uptime":6784},"process":{"argv":["node","E:\\CFP_BZ\\Fundoo_Notes\\src\\index.js"],"cwd":"E:\\CFP_BZ\\Fundoo_Notes","execPath":"C:\\Program Files\\nodejs\\node.exe","gid":null,"memoryUsage":{"arrayBuffers":18703987,"external":20927513,"heapTotal":80408576,"heapUsed":40064600,"rss":110587904},"pid":2484,"uid":null,"version":"v14.17.3"},"stack":"TypeError: Router.use() requires a middleware function but got a Object\n    at Function.use (E:\\CFP_BZ\\Fundoo_Notes\\node_modules\\express\\lib\\router\\index.js:464:13)\n    at routes (E:\\CFP_BZ\\Fundoo_Notes\\src\\routes\\/index.js:16:10)\n    at Object.<anonymous> (E:\\CFP_BZ\\Fundoo_Notes\\src\\/index.js:32:32)\n    at Module._compile (internal/modules/cjs/loader.js:1085:14)\n    at Module._compile (E:\\CFP_BZ\\Fundoo_Notes\\node_modules\\pirates\\lib\\index.js:136:24)\n    at Module._extensions..js (internal/modules/cjs/loader.js:1114:10)\n    at Object.newLoader [as .js] (E:\\CFP_BZ\\Fundoo_Notes\\node_modules\\pirates\\lib\\index.js:141:7)\n    at Module.load (internal/modules/cjs/loader.js:950:32)","trace":[{"column":13,"file":"E:\\CFP_BZ\\Fundoo_Notes\\node_modules\\express\\lib\\router\\index.js","function":"Function.use","line":464,"method":"use","native":false},{"column":10,"file":"E:\\CFP_BZ\\Fundoo_Notes\\src\\routes\\/index.js","function":"routes","line":16,"method":null,"native":false},{"column":32,"file":"E:\\CFP_BZ\\Fundoo_Notes\\src\\/index.js","function":null,"line":32,"method":null,"native":false},{"column":14,"file":"internal/modules/cjs/loader.js","function":"Module._compile","line":1085,"method":"_compile","native":false},{"column":24,"file":"E:\\CFP_BZ\\Fundoo_Notes\\node_modules\\pirates\\lib\\index.js","function":"Module._compile","line":136,"method":"_compile","native":false},{"column":10,"file":"internal/modules/cjs/loader.js","function":"Module._extensions..js","line":1114,"method":".js","native":false},{"column":7,"file":"E:\\CFP_BZ\\Fundoo_Notes\\node_modules\\pirates\\lib\\index.js","function":"Object.newLoader [as .js]","line":141,"method":"js]","native":false},{"column":32,"file":"internal/modules/cjs/loader.js","function":"Module.load","line":950,"method":"load","native":false}]}
error: uncaughtException: Router.use() requires a middleware function but got a Object
TypeError: Router.use() requires a middleware function but got a Object
    at Function.use (E:\CFP_BZ\Fundoo_Notes\node_modules\express\lib\router\index.js:464:13)
    at routes (E:\CFP_BZ\Fundoo_Notes\src\routes\/index.js:16:10)
    at Object.<anonymous> (E:\CFP_BZ\Fundoo_Notes\src\/index.js:32:32)
    at Module._compile (internal/modules/cjs/loader.js:1085:14)
    at Module._compile (E:\CFP_BZ\Fundoo_Notes\node_modules\pirates\lib\index.js:136:24)
    at Module._extensions..js (internal/modules/cjs/loader.js:1114:10)
    at Object.newLoader [as .js] (E:\CFP_BZ\Fundoo_Notes\node_modules\pirates\lib\index.js:141:7)
    at Module.load (internal/modules/cjs/loader.js:950:32) {"date":"Tue Jan 11 2022 13:31:25 GMT+0530 (India Standard Time)","error":{},"exception":true,"os":{"loadavg":[0,0,0],"uptime":7017},"process":{"argv":["node","E:\\CFP_BZ\\Fundoo_Notes\\src\\index.js"],"cwd":"E:\\CFP_BZ\\Fundoo_Notes","execPath":"C:\\Program Files\\nodejs\\node.exe","gid":null,"memoryUsage":{"arrayBuffers":18989471,"external":21212997,"heapTotal":78438400,"heapUsed":42952400,"rss":108957696},"pid":6048,"uid":null,"version":"v14.17.3"},"stack":"TypeError: Router.use() requires a middleware function but got a Object\n    at Function.use (E:\\CFP_BZ\\Fundoo_Notes\\node_modules\\express\\lib\\router\\index.js:464:13)\n    at routes (E:\\CFP_BZ\\Fundoo_Notes\\src\\routes\\/index.js:16:10)\n    at Object.<anonymous> (E:\\CFP_BZ\\Fundoo_Notes\\src\\/index.js:32:32)\n    at Module._compile (internal/modules/cjs/loader.js:1085:14)\n    at Module._compile (E:\\CFP_BZ\\Fundoo_Notes\\node_modules\\pirates\\lib\\index.js:136:24)\n    at Module._extensions..js (internal/modules/cjs/loader.js:1114:10)\n    at Object.newLoader [as .js] (E:\\CFP_BZ\\Fundoo_Notes\\node_modules\\pirates\\lib\\index.js:141:7)\n    at Module.load (internal/modules/cjs/loader.js:950:32)","trace":[{"column":13,"file":"E:\\CFP_BZ\\Fundoo_Notes\\node_modules\\express\\lib\\router\\index.js","function":"Function.use","line":464,"method":"use","native":false},{"column":10,"file":"E:\\CFP_BZ\\Fundoo_Notes\\src\\routes\\/index.js","function":"routes","line":16,"method":null,"native":false},{"column":32,"file":"E:\\CFP_BZ\\Fundoo_Notes\\src\\/index.js","function":null,"line":32,"method":null,"native":false},{"column":14,"file":"internal/modules/cjs/loader.js","function":"Module._compile","line":1085,"method":"_compile","native":false},{"column":24,"file":"E:\\CFP_BZ\\Fundoo_Notes\\node_modules\\pirates\\lib\\index.js","function":"Module._compile","line":136,"method":"_compile","native":false},{"column":10,"file":"internal/modules/cjs/loader.js","function":"Module._extensions..js","line":1114,"method":".js","native":false},{"column":7,"file":"E:\\CFP_BZ\\Fundoo_Notes\\node_modules\\pirates\\lib\\index.js","function":"Object.newLoader [as .js]","line":141,"method":"js]","native":false},{"column":32,"file":"internal/modules/cjs/loader.js","function":"Module.load","line":950,"method":"load","native":false}]}
error: uncaughtException: Router.use() requires a middleware function but got a Object
TypeError: Router.use() requires a middleware function but got a Object
    at Function.use (E:\CFP_BZ\Fundoo_Notes\node_modules\express\lib\router\index.js:464:13)
    at routes (E:\CFP_BZ\Fundoo_Notes\src\routes\/index.js:16:10)
    at Object.<anonymous> (E:\CFP_BZ\Fundoo_Notes\src\/index.js:32:32)
    at Module._compile (internal/modules/cjs/loader.js:1085:14)
    at Module._compile (E:\CFP_BZ\Fundoo_Notes\node_modules\pirates\lib\index.js:136:24)
    at Module._extensions..js (internal/modules/cjs/loader.js:1114:10)
    at Object.newLoader [as .js] (E:\CFP_BZ\Fundoo_Notes\node_modules\pirates\lib\index.js:141:7)
    at Module.load (internal/modules/cjs/loader.js:950:32) {"date":"Tue Jan 11 2022 13:33:04 GMT+0530 (India Standard Time)","error":{},"exception":true,"os":{"loadavg":[0,0,0],"uptime":7117},"process":{"argv":["node","E:\\CFP_BZ\\Fundoo_Notes\\src\\index.js"],"cwd":"E:\\CFP_BZ\\Fundoo_Notes","execPath":"C:\\Program Files\\nodejs\\node.exe","gid":null,"memoryUsage":{"arrayBuffers":18997663,"external":21221189,"heapTotal":78700544,"heapUsed":43355952,"rss":108699648},"pid":504,"uid":null,"version":"v14.17.3"},"stack":"TypeError: Router.use() requires a middleware function but got a Object\n    at Function.use (E:\\CFP_BZ\\Fundoo_Notes\\node_modules\\express\\lib\\router\\index.js:464:13)\n    at routes (E:\\CFP_BZ\\Fundoo_Notes\\src\\routes\\/index.js:16:10)\n    at Object.<anonymous> (E:\\CFP_BZ\\Fundoo_Notes\\src\\/index.js:32:32)\n    at Module._compile (internal/modules/cjs/loader.js:1085:14)\n    at Module._compile (E:\\CFP_BZ\\Fundoo_Notes\\node_modules\\pirates\\lib\\index.js:136:24)\n    at Module._extensions..js (internal/modules/cjs/loader.js:1114:10)\n    at Object.newLoader [as .js] (E:\\CFP_BZ\\Fundoo_Notes\\node_modules\\pirates\\lib\\index.js:141:7)\n    at Module.load (internal/modules/cjs/loader.js:950:32)","trace":[{"column":13,"file":"E:\\CFP_BZ\\Fundoo_Notes\\node_modules\\express\\lib\\router\\index.js","function":"Function.use","line":464,"method":"use","native":false},{"column":10,"file":"E:\\CFP_BZ\\Fundoo_Notes\\src\\routes\\/index.js","function":"routes","line":16,"method":null,"native":false},{"column":32,"file":"E:\\CFP_BZ\\Fundoo_Notes\\src\\/index.js","function":null,"line":32,"method":null,"native":false},{"column":14,"file":"internal/modules/cjs/loader.js","function":"Module._compile","line":1085,"method":"_compile","native":false},{"column":24,"file":"E:\\CFP_BZ\\Fundoo_Notes\\node_modules\\pirates\\lib\\index.js","function":"Module._compile","line":136,"method":"_compile","native":false},{"column":10,"file":"internal/modules/cjs/loader.js","function":"Module._extensions..js","line":1114,"method":".js","native":false},{"column":7,"file":"E:\\CFP_BZ\\Fundoo_Notes\\node_modules\\pirates\\lib\\index.js","function":"Object.newLoader [as .js]","line":141,"method":"js]","native":false},{"column":32,"file":"internal/modules/cjs/loader.js","function":"Module.load","line":950,"method":"load","native":false}]}
